2020-03-18 19:47:07.745 | INFO     | train:build_model:173 - 

 >>>>>>>>>>>>>>>>>>>> Move Group to Training In Progress <<<<<<<<<<<<<<<<<<<<<< 
2020-03-18 19:47:08.098 | INFO     | train:build_model:180 - 

 training_dataset - > Model Building 
2020-03-18 19:47:08.098 | DEBUG    | train:training_dataset:107 - 

 training_dataset : <function tokenize_stem at 0x0000021A2BCA38C8>
2020-03-18 19:47:08.099 | INFO     | train:training_dataset:115 - 
 Loading the dataset...

2020-03-18 19:47:08.099 | INFO     | train:training_dataset:116 - 
 templates : 
2020-03-18 19:47:08.106 | INFO     | train:build_model:182 - 
 Feature Extraction...

2020-03-18 19:47:08.106 | INFO     | train:build_model:183 -  DATASET LENGTH : 40
2020-03-18 19:47:08.107 | INFO     | train:build_model:237 - [WinError 3] The system cannot find the path specified: 'C:\\Users\\gdnau\\Giri\\dfx\\model\\model.pkl' -> 'C:\\Users\\gdnau\\Giri\\dfx\\model_backup\\bkup_2020_03_18_14_17_01_model.pkl'
2020-03-18 19:47:16.922 | INFO     | train:build_model:173 - 

 >>>>>>>>>>>>>>>>>>>> Move Group to Training In Progress <<<<<<<<<<<<<<<<<<<<<< 
2020-03-18 19:47:17.304 | INFO     | train:build_model:180 - 

 training_dataset - > Model Building 
2020-03-18 19:47:17.304 | DEBUG    | train:training_dataset:107 - 

 training_dataset : <function tokenize_stem at 0x0000021A2BCA38C8>
2020-03-18 19:47:17.305 | INFO     | train:training_dataset:115 - 
 Loading the dataset...

2020-03-18 19:47:17.305 | INFO     | train:training_dataset:116 - 
 templates : 
2020-03-18 19:47:17.311 | INFO     | train:build_model:182 - 
 Feature Extraction...

2020-03-18 19:47:17.311 | INFO     | train:build_model:183 -  DATASET LENGTH : 40
2020-03-18 19:47:17.312 | INFO     | train:build_model:237 - [WinError 3] The system cannot find the path specified: 'C:\\Users\\gdnau\\Giri\\dfx\\model\\model.pkl' -> 'C:\\Users\\gdnau\\Giri\\dfx\\model_backup\\bkup_2020_03_18_14_17_01_model.pkl'
2020-03-18 19:48:19.671 | INFO     | train:build_model:173 - 

 >>>>>>>>>>>>>>>>>>>> Move Group to Training In Progress <<<<<<<<<<<<<<<<<<<<<< 
2020-03-18 19:48:19.947 | INFO     | train:build_model:180 - 

 training_dataset - > Model Building 
2020-03-18 19:48:19.948 | DEBUG    | train:training_dataset:107 - 

 training_dataset : <function tokenize_stem at 0x0000021A2BCA38C8>
2020-03-18 19:48:19.948 | INFO     | train:training_dataset:115 - 
 Loading the dataset...

2020-03-18 19:48:19.948 | INFO     | train:training_dataset:116 - 
 templates : 
2020-03-18 19:48:19.954 | INFO     | train:build_model:182 - 
 Feature Extraction...

2020-03-18 19:48:19.954 | INFO     | train:build_model:183 -  DATASET LENGTH : 40
2020-03-18 19:48:19.959 | INFO     | train:tokenize_stem:48 - 

 tokenize_stem :
2020-03-18 19:48:19.968 | INFO     | train:tokenize_stem:48 - 

 tokenize_stem :
2020-03-18 19:48:19.968 | INFO     | train:tokenize_stem:48 - 

 tokenize_stem :
2020-03-18 19:48:19.969 | INFO     | train:tokenize_stem:48 - 

 tokenize_stem :
2020-03-18 19:48:19.969 | INFO     | train:tokenize_stem:48 - 

 tokenize_stem :
2020-03-18 19:48:19.970 | INFO     | train:tokenize_stem:48 - 

 tokenize_stem :
2020-03-18 19:48:19.970 | INFO     | train:tokenize_stem:48 - 

 tokenize_stem :
2020-03-18 19:48:19.970 | INFO     | train:tokenize_stem:48 - 

 tokenize_stem :
2020-03-18 19:48:19.971 | INFO     | train:tokenize_stem:48 - 

 tokenize_stem :
2020-03-18 19:48:19.971 | INFO     | train:tokenize_stem:48 - 

 tokenize_stem :
2020-03-18 19:48:19.972 | INFO     | train:tokenize_stem:48 - 

 tokenize_stem :
2020-03-18 19:48:19.972 | INFO     | train:tokenize_stem:48 - 

 tokenize_stem :
2020-03-18 19:48:19.972 | INFO     | train:tokenize_stem:48 - 

 tokenize_stem :
2020-03-18 19:48:19.973 | INFO     | train:tokenize_stem:48 - 

 tokenize_stem :
2020-03-18 19:48:19.973 | INFO     | train:tokenize_stem:48 - 

 tokenize_stem :
2020-03-18 19:48:19.974 | INFO     | train:tokenize_stem:48 - 

 tokenize_stem :
2020-03-18 19:48:19.974 | INFO     | train:tokenize_stem:48 - 

 tokenize_stem :
2020-03-18 19:48:19.975 | INFO     | train:tokenize_stem:48 - 

 tokenize_stem :
2020-03-18 19:48:19.975 | INFO     | train:tokenize_stem:48 - 

 tokenize_stem :
2020-03-18 19:48:19.976 | INFO     | train:tokenize_stem:48 - 

 tokenize_stem :
2020-03-18 19:48:19.977 | INFO     | train:tokenize_stem:48 - 

 tokenize_stem :
2020-03-18 19:48:19.977 | INFO     | train:tokenize_stem:48 - 

 tokenize_stem :
2020-03-18 19:48:19.978 | INFO     | train:tokenize_stem:48 - 

 tokenize_stem :
2020-03-18 19:48:19.979 | INFO     | train:tokenize_stem:48 - 

 tokenize_stem :
2020-03-18 19:48:19.979 | INFO     | train:tokenize_stem:48 - 

 tokenize_stem :
2020-03-18 19:48:19.980 | INFO     | train:tokenize_stem:48 - 

 tokenize_stem :
2020-03-18 19:48:19.980 | INFO     | train:tokenize_stem:48 - 

 tokenize_stem :
2020-03-18 19:48:19.981 | INFO     | train:tokenize_stem:48 - 

 tokenize_stem :
2020-03-18 19:48:19.981 | INFO     | train:tokenize_stem:48 - 

 tokenize_stem :
2020-03-18 19:48:19.982 | INFO     | train:tokenize_stem:48 - 

 tokenize_stem :
2020-03-18 19:48:19.982 | INFO     | train:tokenize_stem:48 - 

 tokenize_stem :
2020-03-18 19:48:19.983 | INFO     | train:tokenize_stem:48 - 

 tokenize_stem :
2020-03-18 19:48:19.983 | INFO     | train:tokenize_stem:48 - 

 tokenize_stem :
2020-03-18 19:48:19.984 | INFO     | train:tokenize_stem:48 - 

 tokenize_stem :
2020-03-18 19:48:19.984 | INFO     | train:tokenize_stem:48 - 

 tokenize_stem :
2020-03-18 19:48:19.985 | INFO     | train:tokenize_stem:48 - 

 tokenize_stem :
2020-03-18 19:48:19.985 | INFO     | train:tokenize_stem:48 - 

 tokenize_stem :
2020-03-18 19:48:19.985 | INFO     | train:tokenize_stem:48 - 

 tokenize_stem :
2020-03-18 19:48:19.986 | INFO     | train:tokenize_stem:48 - 

 tokenize_stem :
2020-03-18 19:48:19.986 | INFO     | train:tokenize_stem:48 - 

 tokenize_stem :
2020-03-18 19:48:19.987 | INFO     | train:tokenize_stem:48 - 

 tokenize_stem :
2020-03-18 19:48:19.987 | INFO     | train:tokenize_stem:48 - 

 tokenize_stem :
2020-03-18 19:48:19.987 | INFO     | train:tokenize_stem:48 - 

 tokenize_stem :
2020-03-18 19:48:19.988 | INFO     | train:tokenize_stem:48 - 

 tokenize_stem :
2020-03-18 19:48:19.988 | INFO     | train:tokenize_stem:48 - 

 tokenize_stem :
2020-03-18 19:48:19.989 | INFO     | train:tokenize_stem:48 - 

 tokenize_stem :
2020-03-18 19:48:19.989 | INFO     | train:tokenize_stem:48 - 

 tokenize_stem :
2020-03-18 19:48:19.990 | INFO     | train:tokenize_stem:48 - 

 tokenize_stem :
2020-03-18 19:48:19.990 | INFO     | train:tokenize_stem:48 - 

 tokenize_stem :
2020-03-18 19:48:19.991 | INFO     | train:tokenize_stem:48 - 

 tokenize_stem :
2020-03-18 19:48:19.991 | INFO     | train:tokenize_stem:48 - 

 tokenize_stem :
2020-03-18 19:48:19.992 | INFO     | train:tokenize_stem:48 - 

 tokenize_stem :
2020-03-18 19:48:19.992 | INFO     | train:tokenize_stem:48 - 

 tokenize_stem :
2020-03-18 19:48:19.993 | INFO     | train:tokenize_stem:48 - 

 tokenize_stem :
2020-03-18 19:48:19.993 | INFO     | train:tokenize_stem:48 - 

 tokenize_stem :
2020-03-18 19:48:19.994 | INFO     | train:tokenize_stem:48 - 

 tokenize_stem :
2020-03-18 19:48:19.995 | INFO     | train:tokenize_stem:48 - 

 tokenize_stem :
2020-03-18 19:48:19.995 | INFO     | train:tokenize_stem:48 - 

 tokenize_stem :
2020-03-18 19:48:19.995 | INFO     | train:tokenize_stem:48 - 

 tokenize_stem :
2020-03-18 19:48:19.996 | INFO     | train:tokenize_stem:48 - 

 tokenize_stem :
2020-03-18 19:48:19.996 | INFO     | train:tokenize_stem:48 - 

 tokenize_stem :
2020-03-18 19:48:19.996 | INFO     | train:tokenize_stem:48 - 

 tokenize_stem :
2020-03-18 19:48:19.997 | INFO     | train:tokenize_stem:48 - 

 tokenize_stem :
2020-03-18 19:48:19.997 | INFO     | train:tokenize_stem:48 - 

 tokenize_stem :
2020-03-18 19:48:19.998 | INFO     | train:tokenize_stem:48 - 

 tokenize_stem :
2020-03-18 19:48:19.999 | INFO     | train:tokenize_stem:48 - 

 tokenize_stem :
2020-03-18 19:48:19.999 | INFO     | train:tokenize_stem:48 - 

 tokenize_stem :
2020-03-18 19:48:20.000 | INFO     | train:tokenize_stem:48 - 

 tokenize_stem :
2020-03-18 19:48:20.000 | INFO     | train:tokenize_stem:48 - 

 tokenize_stem :
2020-03-18 19:48:20.001 | INFO     | train:tokenize_stem:48 - 

 tokenize_stem :
2020-03-18 19:48:20.001 | INFO     | train:tokenize_stem:48 - 

 tokenize_stem :
2020-03-18 19:48:20.001 | INFO     | train:tokenize_stem:48 - 

 tokenize_stem :
2020-03-18 19:48:20.002 | INFO     | train:tokenize_stem:48 - 

 tokenize_stem :
2020-03-18 19:48:20.002 | INFO     | train:tokenize_stem:48 - 

 tokenize_stem :
2020-03-18 19:48:20.002 | INFO     | train:tokenize_stem:48 - 

 tokenize_stem :
2020-03-18 19:48:20.003 | INFO     | train:tokenize_stem:48 - 

 tokenize_stem :
2020-03-18 19:48:20.003 | INFO     | train:tokenize_stem:48 - 

 tokenize_stem :
2020-03-18 19:48:20.003 | INFO     | train:tokenize_stem:48 - 

 tokenize_stem :
2020-03-18 19:48:20.004 | INFO     | train:tokenize_stem:48 - 

 tokenize_stem :
2020-03-18 19:48:20.004 | INFO     | train:tokenize_stem:48 - 

 tokenize_stem :
2020-03-18 19:48:20.004 | INFO     | train:tokenize_stem:48 - 

 tokenize_stem :
2020-03-18 19:48:20.005 | INFO     | train:tokenize_stem:48 - 

 tokenize_stem :
2020-03-18 19:48:20.005 | INFO     | train:tokenize_stem:48 - 

 tokenize_stem :
2020-03-18 19:48:20.006 | INFO     | train:tokenize_stem:48 - 

 tokenize_stem :
2020-03-18 19:48:20.006 | INFO     | train:tokenize_stem:48 - 

 tokenize_stem :
2020-03-18 19:48:20.007 | INFO     | train:tokenize_stem:48 - 

 tokenize_stem :
2020-03-18 19:48:20.007 | INFO     | train:tokenize_stem:48 - 

 tokenize_stem :
2020-03-18 19:48:20.007 | INFO     | train:tokenize_stem:48 - 

 tokenize_stem :
2020-03-18 19:48:20.008 | INFO     | train:tokenize_stem:48 - 

 tokenize_stem :
2020-03-18 19:48:20.009 | INFO     | train:tokenize_stem:48 - 

 tokenize_stem :
2020-03-18 19:48:20.010 | INFO     | train:tokenize_stem:48 - 

 tokenize_stem :
2020-03-18 19:48:20.010 | INFO     | train:tokenize_stem:48 - 

 tokenize_stem :
2020-03-18 19:48:20.011 | INFO     | train:tokenize_stem:48 - 

 tokenize_stem :
2020-03-18 19:48:20.012 | INFO     | train:tokenize_stem:48 - 

 tokenize_stem :
2020-03-18 19:48:20.012 | INFO     | train:tokenize_stem:48 - 

 tokenize_stem :
2020-03-18 19:48:20.013 | INFO     | train:tokenize_stem:48 - 

 tokenize_stem :
2020-03-18 19:48:20.013 | INFO     | train:tokenize_stem:48 - 

 tokenize_stem :
2020-03-18 19:48:20.014 | INFO     | train:tokenize_stem:48 - 

 tokenize_stem :
2020-03-18 19:48:20.014 | INFO     | train:tokenize_stem:48 - 

 tokenize_stem :
2020-03-18 19:48:20.014 | INFO     | train:tokenize_stem:48 - 

 tokenize_stem :
2020-03-18 19:48:20.015 | INFO     | train:tokenize_stem:48 - 

 tokenize_stem :
2020-03-18 19:48:20.015 | INFO     | train:tokenize_stem:48 - 

 tokenize_stem :
2020-03-18 19:48:20.016 | INFO     | train:tokenize_stem:48 - 

 tokenize_stem :
2020-03-18 19:48:20.016 | INFO     | train:tokenize_stem:48 - 

 tokenize_stem :
2020-03-18 19:48:20.016 | INFO     | train:tokenize_stem:48 - 

 tokenize_stem :
2020-03-18 19:48:20.016 | INFO     | train:tokenize_stem:48 - 

 tokenize_stem :
2020-03-18 19:48:20.017 | INFO     | train:tokenize_stem:48 - 

 tokenize_stem :
2020-03-18 19:48:20.017 | INFO     | train:tokenize_stem:48 - 

 tokenize_stem :
2020-03-18 19:48:20.018 | INFO     | train:tokenize_stem:48 - 

 tokenize_stem :
2020-03-18 19:48:20.018 | INFO     | train:tokenize_stem:48 - 

 tokenize_stem :
2020-03-18 19:48:20.018 | INFO     | train:tokenize_stem:48 - 

 tokenize_stem :
2020-03-18 19:48:20.019 | INFO     | train:tokenize_stem:48 - 

 tokenize_stem :
2020-03-18 19:48:20.019 | INFO     | train:tokenize_stem:48 - 

 tokenize_stem :
2020-03-18 19:48:20.019 | INFO     | train:tokenize_stem:48 - 

 tokenize_stem :
2020-03-18 19:48:20.020 | INFO     | train:tokenize_stem:48 - 

 tokenize_stem :
2020-03-18 19:48:20.020 | INFO     | train:tokenize_stem:48 - 

 tokenize_stem :
2020-03-18 19:48:20.021 | INFO     | train:tokenize_stem:48 - 

 tokenize_stem :
2020-03-18 19:48:20.021 | INFO     | train:tokenize_stem:48 - 

 tokenize_stem :
2020-03-18 19:48:20.021 | INFO     | train:tokenize_stem:48 - 

 tokenize_stem :
2020-03-18 19:48:20.022 | INFO     | train:tokenize_stem:48 - 

 tokenize_stem :
2020-03-18 19:48:20.022 | INFO     | train:tokenize_stem:48 - 

 tokenize_stem :
2020-03-18 19:48:20.022 | INFO     | train:tokenize_stem:48 - 

 tokenize_stem :
2020-03-18 19:48:20.023 | INFO     | train:tokenize_stem:48 - 

 tokenize_stem :
2020-03-18 19:48:20.023 | INFO     | train:tokenize_stem:48 - 

 tokenize_stem :
2020-03-18 19:48:20.024 | INFO     | train:tokenize_stem:48 - 

 tokenize_stem :
2020-03-18 19:48:20.024 | INFO     | train:tokenize_stem:48 - 

 tokenize_stem :
2020-03-18 19:48:20.025 | INFO     | train:tokenize_stem:48 - 

 tokenize_stem :
2020-03-18 19:48:20.025 | INFO     | train:tokenize_stem:48 - 

 tokenize_stem :
2020-03-18 19:48:20.025 | INFO     | train:tokenize_stem:48 - 

 tokenize_stem :
2020-03-18 19:48:20.026 | INFO     | train:tokenize_stem:48 - 

 tokenize_stem :
2020-03-18 19:48:20.026 | INFO     | train:tokenize_stem:48 - 

 tokenize_stem :
2020-03-18 19:48:20.027 | INFO     | train:tokenize_stem:48 - 

 tokenize_stem :
2020-03-18 19:48:20.027 | INFO     | train:tokenize_stem:48 - 

 tokenize_stem :
2020-03-18 19:48:20.028 | INFO     | train:tokenize_stem:48 - 

 tokenize_stem :
2020-03-18 19:48:20.028 | INFO     | train:tokenize_stem:48 - 

 tokenize_stem :
2020-03-18 19:48:20.029 | INFO     | train:tokenize_stem:48 - 

 tokenize_stem :
2020-03-18 19:48:20.029 | INFO     | train:tokenize_stem:48 - 

 tokenize_stem :
2020-03-18 19:48:20.029 | INFO     | train:tokenize_stem:48 - 

 tokenize_stem :
2020-03-18 19:48:20.030 | INFO     | train:tokenize_stem:48 - 

 tokenize_stem :
2020-03-18 19:48:20.030 | INFO     | train:tokenize_stem:48 - 

 tokenize_stem :
2020-03-18 19:48:20.031 | INFO     | train:tokenize_stem:48 - 

 tokenize_stem :
2020-03-18 19:48:20.031 | INFO     | train:tokenize_stem:48 - 

 tokenize_stem :
2020-03-18 19:48:20.032 | INFO     | train:tokenize_stem:48 - 

 tokenize_stem :
2020-03-18 19:48:20.032 | INFO     | train:tokenize_stem:48 - 

 tokenize_stem :
2020-03-18 19:48:20.033 | INFO     | train:tokenize_stem:48 - 

 tokenize_stem :
2020-03-18 19:48:20.033 | INFO     | train:tokenize_stem:48 - 

 tokenize_stem :
2020-03-18 19:48:20.034 | INFO     | train:tokenize_stem:48 - 

 tokenize_stem :
2020-03-18 19:48:20.034 | INFO     | train:tokenize_stem:48 - 

 tokenize_stem :
2020-03-18 19:48:20.034 | INFO     | train:tokenize_stem:48 - 

 tokenize_stem :
2020-03-18 19:48:20.035 | INFO     | train:tokenize_stem:48 - 

 tokenize_stem :
2020-03-18 19:48:20.035 | INFO     | train:tokenize_stem:48 - 

 tokenize_stem :
2020-03-18 19:48:20.035 | INFO     | train:tokenize_stem:48 - 

 tokenize_stem :
2020-03-18 19:48:20.036 | INFO     | train:tokenize_stem:48 - 

 tokenize_stem :
2020-03-18 19:48:20.036 | INFO     | train:tokenize_stem:48 - 

 tokenize_stem :
2020-03-18 19:48:20.037 | INFO     | train:tokenize_stem:48 - 

 tokenize_stem :
2020-03-18 19:48:20.037 | INFO     | train:tokenize_stem:48 - 

 tokenize_stem :
2020-03-18 19:48:20.037 | INFO     | train:tokenize_stem:48 - 

 tokenize_stem :
2020-03-18 19:48:20.037 | INFO     | train:tokenize_stem:48 - 

 tokenize_stem :
2020-03-18 19:48:20.038 | INFO     | train:tokenize_stem:48 - 

 tokenize_stem :
2020-03-18 19:48:20.038 | INFO     | train:tokenize_stem:48 - 

 tokenize_stem :
2020-03-18 19:48:20.038 | INFO     | train:tokenize_stem:48 - 

 tokenize_stem :
2020-03-18 19:48:20.039 | INFO     | train:tokenize_stem:48 - 

 tokenize_stem :
2020-03-18 19:48:20.039 | INFO     | train:tokenize_stem:48 - 

 tokenize_stem :
2020-03-18 19:48:20.040 | INFO     | train:tokenize_stem:48 - 

 tokenize_stem :
2020-03-18 19:48:20.040 | INFO     | train:tokenize_stem:48 - 

 tokenize_stem :
2020-03-18 19:48:20.040 | INFO     | train:tokenize_stem:48 - 

 tokenize_stem :
2020-03-18 19:48:20.041 | INFO     | train:tokenize_stem:48 - 

 tokenize_stem :
2020-03-18 19:48:20.041 | INFO     | train:tokenize_stem:48 - 

 tokenize_stem :
2020-03-18 19:48:20.042 | INFO     | train:tokenize_stem:48 - 

 tokenize_stem :
2020-03-18 19:48:20.043 | INFO     | train:tokenize_stem:48 - 

 tokenize_stem :
2020-03-18 19:48:20.043 | INFO     | train:tokenize_stem:48 - 

 tokenize_stem :
2020-03-18 19:48:20.044 | INFO     | train:tokenize_stem:48 - 

 tokenize_stem :
2020-03-18 19:48:20.044 | INFO     | train:tokenize_stem:48 - 

 tokenize_stem :
2020-03-18 19:48:20.045 | INFO     | train:tokenize_stem:48 - 

 tokenize_stem :
2020-03-18 19:48:20.045 | INFO     | train:tokenize_stem:48 - 

 tokenize_stem :
2020-03-18 19:48:20.046 | INFO     | train:tokenize_stem:48 - 

 tokenize_stem :
2020-03-18 19:48:20.046 | INFO     | train:tokenize_stem:48 - 

 tokenize_stem :
2020-03-18 19:48:20.047 | INFO     | train:tokenize_stem:48 - 

 tokenize_stem :
2020-03-18 19:48:20.047 | INFO     | train:tokenize_stem:48 - 

 tokenize_stem :
2020-03-18 19:48:20.048 | INFO     | train:tokenize_stem:48 - 

 tokenize_stem :
2020-03-18 19:48:20.048 | INFO     | train:tokenize_stem:48 - 

 tokenize_stem :
2020-03-18 19:48:20.049 | INFO     | train:tokenize_stem:48 - 

 tokenize_stem :
2020-03-18 19:48:20.049 | INFO     | train:tokenize_stem:48 - 

 tokenize_stem :
2020-03-18 19:48:20.049 | INFO     | train:tokenize_stem:48 - 

 tokenize_stem :
2020-03-18 19:48:20.050 | INFO     | train:tokenize_stem:48 - 

 tokenize_stem :
2020-03-18 19:48:20.051 | INFO     | train:tokenize_stem:48 - 

 tokenize_stem :
2020-03-18 19:48:20.051 | INFO     | train:tokenize_stem:48 - 

 tokenize_stem :
2020-03-18 19:48:20.051 | INFO     | train:tokenize_stem:48 - 

 tokenize_stem :
2020-03-18 19:48:20.052 | INFO     | train:tokenize_stem:48 - 

 tokenize_stem :
2020-03-18 19:48:20.052 | INFO     | train:tokenize_stem:48 - 

 tokenize_stem :
2020-03-18 19:48:20.052 | INFO     | train:tokenize_stem:48 - 

 tokenize_stem :
2020-03-18 19:48:20.053 | INFO     | train:tokenize_stem:48 - 

 tokenize_stem :
2020-03-18 19:48:20.053 | INFO     | train:tokenize_stem:48 - 

 tokenize_stem :
2020-03-18 19:48:20.053 | INFO     | train:tokenize_stem:48 - 

 tokenize_stem :
2020-03-18 19:48:20.054 | INFO     | train:tokenize_stem:48 - 

 tokenize_stem :
2020-03-18 19:48:20.054 | INFO     | train:tokenize_stem:48 - 

 tokenize_stem :
2020-03-18 19:48:20.055 | INFO     | train:tokenize_stem:48 - 

 tokenize_stem :
2020-03-18 19:48:20.055 | INFO     | train:tokenize_stem:48 - 

 tokenize_stem :
2020-03-18 19:48:20.055 | INFO     | train:tokenize_stem:48 - 

 tokenize_stem :
2020-03-18 19:48:20.056 | INFO     | train:tokenize_stem:48 - 

 tokenize_stem :
2020-03-18 19:48:20.056 | INFO     | train:tokenize_stem:48 - 

 tokenize_stem :
2020-03-18 19:48:20.057 | INFO     | train:tokenize_stem:48 - 

 tokenize_stem :
2020-03-18 19:48:20.057 | INFO     | train:tokenize_stem:48 - 

 tokenize_stem :
2020-03-18 19:48:20.058 | INFO     | train:tokenize_stem:48 - 

 tokenize_stem :
2020-03-18 19:48:20.059 | INFO     | train:tokenize_stem:48 - 

 tokenize_stem :
2020-03-18 19:48:20.059 | INFO     | train:tokenize_stem:48 - 

 tokenize_stem :
2020-03-18 19:48:20.060 | INFO     | train:tokenize_stem:48 - 

 tokenize_stem :
2020-03-18 19:48:20.061 | INFO     | train:tokenize_stem:48 - 

 tokenize_stem :
2020-03-18 19:48:20.061 | INFO     | train:tokenize_stem:48 - 

 tokenize_stem :
2020-03-18 19:48:20.062 | INFO     | train:tokenize_stem:48 - 

 tokenize_stem :
2020-03-18 19:48:20.062 | INFO     | train:tokenize_stem:48 - 

 tokenize_stem :
2020-03-18 19:48:20.063 | INFO     | train:tokenize_stem:48 - 

 tokenize_stem :
2020-03-18 19:48:20.064 | INFO     | train:tokenize_stem:48 - 

 tokenize_stem :
2020-03-18 19:48:20.064 | INFO     | train:tokenize_stem:48 - 

 tokenize_stem :
2020-03-18 19:48:20.065 | INFO     | train:tokenize_stem:48 - 

 tokenize_stem :
2020-03-18 19:48:20.065 | INFO     | train:tokenize_stem:48 - 

 tokenize_stem :
2020-03-18 19:48:20.066 | INFO     | train:tokenize_stem:48 - 

 tokenize_stem :
2020-03-18 19:48:20.067 | INFO     | train:tokenize_stem:48 - 

 tokenize_stem :
2020-03-18 19:48:20.067 | INFO     | train:tokenize_stem:48 - 

 tokenize_stem :
2020-03-18 19:48:20.067 | INFO     | train:tokenize_stem:48 - 

 tokenize_stem :
2020-03-18 19:48:20.068 | INFO     | train:tokenize_stem:48 - 

 tokenize_stem :
2020-03-18 19:48:20.068 | INFO     | train:tokenize_stem:48 - 

 tokenize_stem :
2020-03-18 19:48:20.069 | INFO     | train:tokenize_stem:48 - 

 tokenize_stem :
2020-03-18 19:48:20.069 | INFO     | train:tokenize_stem:48 - 

 tokenize_stem :
2020-03-18 19:48:20.069 | INFO     | train:tokenize_stem:48 - 

 tokenize_stem :
2020-03-18 19:48:20.070 | INFO     | train:tokenize_stem:48 - 

 tokenize_stem :
2020-03-18 19:48:20.070 | INFO     | train:tokenize_stem:48 - 

 tokenize_stem :
2020-03-18 19:48:20.070 | INFO     | train:tokenize_stem:48 - 

 tokenize_stem :
2020-03-18 19:48:20.071 | INFO     | train:tokenize_stem:48 - 

 tokenize_stem :
2020-03-18 19:48:20.071 | INFO     | train:tokenize_stem:48 - 

 tokenize_stem :
2020-03-18 19:48:20.071 | INFO     | train:tokenize_stem:48 - 

 tokenize_stem :
2020-03-18 19:48:20.072 | INFO     | train:tokenize_stem:48 - 

 tokenize_stem :
2020-03-18 19:48:20.072 | INFO     | train:tokenize_stem:48 - 

 tokenize_stem :
2020-03-18 19:48:20.072 | INFO     | train:tokenize_stem:48 - 

 tokenize_stem :
2020-03-18 19:48:20.073 | INFO     | train:tokenize_stem:48 - 

 tokenize_stem :
2020-03-18 19:48:20.073 | INFO     | train:tokenize_stem:48 - 

 tokenize_stem :
2020-03-18 19:48:20.074 | INFO     | train:tokenize_stem:48 - 

 tokenize_stem :
2020-03-18 19:48:20.074 | INFO     | train:tokenize_stem:48 - 

 tokenize_stem :
2020-03-18 19:48:20.074 | INFO     | train:tokenize_stem:48 - 

 tokenize_stem :
2020-03-18 19:48:20.075 | INFO     | train:tokenize_stem:48 - 

 tokenize_stem :
2020-03-18 19:48:20.075 | INFO     | train:tokenize_stem:48 - 

 tokenize_stem :
2020-03-18 19:48:20.075 | INFO     | train:tokenize_stem:48 - 

 tokenize_stem :
2020-03-18 19:48:20.076 | INFO     | train:tokenize_stem:48 - 

 tokenize_stem :
2020-03-18 19:48:20.076 | INFO     | train:tokenize_stem:48 - 

 tokenize_stem :
2020-03-18 19:48:20.077 | INFO     | train:tokenize_stem:48 - 

 tokenize_stem :
2020-03-18 19:48:20.077 | INFO     | train:tokenize_stem:48 - 

 tokenize_stem :
2020-03-18 19:48:20.077 | INFO     | train:tokenize_stem:48 - 

 tokenize_stem :
2020-03-18 19:48:20.078 | INFO     | train:tokenize_stem:48 - 

 tokenize_stem :
2020-03-18 19:48:20.078 | INFO     | train:tokenize_stem:48 - 

 tokenize_stem :
2020-03-18 19:48:20.079 | INFO     | train:tokenize_stem:48 - 

 tokenize_stem :
2020-03-18 19:48:20.080 | INFO     | train:tokenize_stem:48 - 

 tokenize_stem :
2020-03-18 19:48:20.080 | INFO     | train:tokenize_stem:48 - 

 tokenize_stem :
2020-03-18 19:48:20.080 | INFO     | train:tokenize_stem:48 - 

 tokenize_stem :
2020-03-18 19:48:20.081 | INFO     | train:tokenize_stem:48 - 

 tokenize_stem :
2020-03-18 19:48:20.081 | INFO     | train:tokenize_stem:48 - 

 tokenize_stem :
2020-03-18 19:48:20.082 | INFO     | train:tokenize_stem:48 - 

 tokenize_stem :
2020-03-18 19:48:20.082 | INFO     | train:tokenize_stem:48 - 

 tokenize_stem :
2020-03-18 19:48:20.083 | INFO     | train:tokenize_stem:48 - 

 tokenize_stem :
2020-03-18 19:48:20.083 | INFO     | train:tokenize_stem:48 - 

 tokenize_stem :
2020-03-18 19:48:20.083 | INFO     | train:tokenize_stem:48 - 

 tokenize_stem :
2020-03-18 19:48:20.084 | INFO     | train:tokenize_stem:48 - 

 tokenize_stem :
2020-03-18 19:48:20.084 | INFO     | train:tokenize_stem:48 - 

 tokenize_stem :
2020-03-18 19:48:20.085 | INFO     | train:tokenize_stem:48 - 

 tokenize_stem :
2020-03-18 19:48:20.085 | INFO     | train:tokenize_stem:48 - 

 tokenize_stem :
2020-03-18 19:48:20.085 | INFO     | train:tokenize_stem:48 - 

 tokenize_stem :
2020-03-18 19:48:20.086 | INFO     | train:tokenize_stem:48 - 

 tokenize_stem :
2020-03-18 19:48:20.086 | INFO     | train:tokenize_stem:48 - 

 tokenize_stem :
2020-03-18 19:48:20.086 | INFO     | train:tokenize_stem:48 - 

 tokenize_stem :
2020-03-18 19:48:20.087 | INFO     | train:tokenize_stem:48 - 

 tokenize_stem :
2020-03-18 19:48:20.087 | INFO     | train:tokenize_stem:48 - 

 tokenize_stem :
2020-03-18 19:48:20.087 | INFO     | train:tokenize_stem:48 - 

 tokenize_stem :
2020-03-18 19:48:20.088 | INFO     | train:tokenize_stem:48 - 

 tokenize_stem :
2020-03-18 19:48:20.088 | INFO     | train:tokenize_stem:48 - 

 tokenize_stem :
2020-03-18 19:48:20.089 | INFO     | train:tokenize_stem:48 - 

 tokenize_stem :
2020-03-18 19:48:20.089 | INFO     | train:tokenize_stem:48 - 

 tokenize_stem :
2020-03-18 19:48:20.089 | INFO     | train:tokenize_stem:48 - 

 tokenize_stem :
2020-03-18 19:48:20.090 | INFO     | train:tokenize_stem:48 - 

 tokenize_stem :
2020-03-18 19:48:20.090 | INFO     | train:tokenize_stem:48 - 

 tokenize_stem :
2020-03-18 19:48:20.091 | INFO     | train:tokenize_stem:48 - 

 tokenize_stem :
2020-03-18 19:48:20.091 | INFO     | train:tokenize_stem:48 - 

 tokenize_stem :
2020-03-18 19:48:20.092 | INFO     | train:tokenize_stem:48 - 

 tokenize_stem :
2020-03-18 19:48:20.092 | INFO     | train:tokenize_stem:48 - 

 tokenize_stem :
2020-03-18 19:48:20.093 | INFO     | train:tokenize_stem:48 - 

 tokenize_stem :
2020-03-18 19:48:20.093 | INFO     | train:tokenize_stem:48 - 

 tokenize_stem :
2020-03-18 19:48:20.094 | INFO     | train:tokenize_stem:48 - 

 tokenize_stem :
2020-03-18 19:48:20.094 | INFO     | train:tokenize_stem:48 - 

 tokenize_stem :
2020-03-18 19:48:20.095 | INFO     | train:tokenize_stem:48 - 

 tokenize_stem :
2020-03-18 19:48:20.095 | INFO     | train:tokenize_stem:48 - 

 tokenize_stem :
2020-03-18 19:48:20.095 | INFO     | train:tokenize_stem:48 - 

 tokenize_stem :
2020-03-18 19:48:20.096 | INFO     | train:tokenize_stem:48 - 

 tokenize_stem :
2020-03-18 19:48:20.096 | INFO     | train:tokenize_stem:48 - 

 tokenize_stem :
2020-03-18 19:48:20.096 | INFO     | train:tokenize_stem:48 - 

 tokenize_stem :
2020-03-18 19:48:20.097 | INFO     | train:tokenize_stem:48 - 

 tokenize_stem :
2020-03-18 19:48:20.098 | INFO     | train:tokenize_stem:48 - 

 tokenize_stem :
2020-03-18 19:48:20.098 | INFO     | train:tokenize_stem:48 - 

 tokenize_stem :
2020-03-18 19:48:20.099 | INFO     | train:tokenize_stem:48 - 

 tokenize_stem :
2020-03-18 19:48:20.099 | INFO     | train:tokenize_stem:48 - 

 tokenize_stem :
2020-03-18 19:48:20.100 | INFO     | train:tokenize_stem:48 - 

 tokenize_stem :
2020-03-18 19:48:20.101 | INFO     | train:tokenize_stem:48 - 

 tokenize_stem :
2020-03-18 19:48:20.101 | INFO     | train:tokenize_stem:48 - 

 tokenize_stem :
2020-03-18 19:48:20.101 | INFO     | train:tokenize_stem:48 - 

 tokenize_stem :
2020-03-18 19:48:20.102 | INFO     | train:tokenize_stem:48 - 

 tokenize_stem :
2020-03-18 19:48:20.102 | INFO     | train:tokenize_stem:48 - 

 tokenize_stem :
2020-03-18 19:48:20.103 | INFO     | train:tokenize_stem:48 - 

 tokenize_stem :
2020-03-18 19:48:20.103 | INFO     | train:tokenize_stem:48 - 

 tokenize_stem :
2020-03-18 19:48:20.104 | INFO     | train:tokenize_stem:48 - 

 tokenize_stem :
2020-03-18 19:48:20.104 | INFO     | train:tokenize_stem:48 - 

 tokenize_stem :
2020-03-18 19:48:20.105 | INFO     | train:tokenize_stem:48 - 

 tokenize_stem :
2020-03-18 19:48:20.105 | INFO     | train:tokenize_stem:48 - 

 tokenize_stem :
2020-03-18 19:48:20.106 | INFO     | train:tokenize_stem:48 - 

 tokenize_stem :
2020-03-18 19:48:20.106 | INFO     | train:tokenize_stem:48 - 

 tokenize_stem :
2020-03-18 19:48:20.107 | INFO     | train:tokenize_stem:48 - 

 tokenize_stem :
2020-03-18 19:48:20.107 | INFO     | train:tokenize_stem:48 - 

 tokenize_stem :
2020-03-18 19:48:20.108 | INFO     | train:tokenize_stem:48 - 

 tokenize_stem :
2020-03-18 19:48:20.108 | INFO     | train:tokenize_stem:48 - 

 tokenize_stem :
2020-03-18 19:48:20.109 | INFO     | train:tokenize_stem:48 - 

 tokenize_stem :
2020-03-18 19:48:20.110 | INFO     | train:tokenize_stem:48 - 

 tokenize_stem :
2020-03-18 19:48:20.110 | INFO     | train:tokenize_stem:48 - 

 tokenize_stem :
2020-03-18 19:48:20.112 | INFO     | train:tokenize_stem:48 - 

 tokenize_stem :
2020-03-18 19:48:20.123 | INFO     | train:tokenize_stem:48 - 

 tokenize_stem :
2020-03-18 19:48:20.131 | INFO     | train:tokenize_stem:48 - 

 tokenize_stem :
2020-03-18 19:48:20.139 | INFO     | train:tokenize_stem:48 - 

 tokenize_stem :
2020-03-18 19:48:20.150 | INFO     | train:tokenize_stem:48 - 

 tokenize_stem :
2020-03-18 19:48:20.163 | INFO     | train:tokenize_stem:48 - 

 tokenize_stem :
2020-03-18 19:48:20.172 | INFO     | train:tokenize_stem:48 - 

 tokenize_stem :
2020-03-18 19:48:20.181 | INFO     | train:tokenize_stem:48 - 

 tokenize_stem :
2020-03-18 19:48:20.189 | INFO     | train:tokenize_stem:48 - 

 tokenize_stem :
2020-03-18 19:48:20.198 | INFO     | train:tokenize_stem:48 - 

 tokenize_stem :
2020-03-18 19:48:20.208 | INFO     | train:tokenize_stem:48 - 

 tokenize_stem :
2020-03-18 19:48:20.216 | INFO     | train:tokenize_stem:48 - 

 tokenize_stem :
2020-03-18 19:48:20.225 | INFO     | train:tokenize_stem:48 - 

 tokenize_stem :
2020-03-18 19:48:20.232 | INFO     | train:tokenize_stem:48 - 

 tokenize_stem :
2020-03-18 19:48:20.239 | INFO     | train:tokenize_stem:48 - 

 tokenize_stem :
2020-03-18 19:48:20.247 | INFO     | train:tokenize_stem:48 - 

 tokenize_stem :
2020-03-18 19:48:20.254 | INFO     | train:tokenize_stem:48 - 

 tokenize_stem :
2020-03-18 19:48:20.262 | INFO     | train:tokenize_stem:48 - 

 tokenize_stem :
2020-03-18 19:48:20.269 | INFO     | train:tokenize_stem:48 - 

 tokenize_stem :
2020-03-18 19:48:20.276 | INFO     | train:tokenize_stem:48 - 

 tokenize_stem :
2020-03-18 19:48:20.284 | INFO     | train:tokenize_stem:48 - 

 tokenize_stem :
2020-03-18 19:48:20.286 | INFO     | train:tokenize_stem:48 - 

 tokenize_stem :
2020-03-18 19:48:20.288 | INFO     | train:tokenize_stem:48 - 

 tokenize_stem :
2020-03-18 19:48:20.291 | INFO     | train:tokenize_stem:48 - 

 tokenize_stem :
2020-03-18 19:48:20.293 | INFO     | train:tokenize_stem:48 - 

 tokenize_stem :
2020-03-18 19:48:20.296 | INFO     | train:tokenize_stem:48 - 

 tokenize_stem :
2020-03-18 19:48:20.298 | INFO     | train:tokenize_stem:48 - 

 tokenize_stem :
2020-03-18 19:48:20.301 | INFO     | train:tokenize_stem:48 - 

 tokenize_stem :
2020-03-18 19:48:20.302 | INFO     | train:tokenize_stem:48 - 

 tokenize_stem :
2020-03-18 19:48:20.304 | INFO     | train:tokenize_stem:48 - 

 tokenize_stem :
2020-03-18 19:48:20.306 | INFO     | train:tokenize_stem:48 - 

 tokenize_stem :
2020-03-18 19:48:20.307 | INFO     | train:tokenize_stem:48 - 

 tokenize_stem :
2020-03-18 19:48:20.309 | INFO     | train:tokenize_stem:48 - 

 tokenize_stem :
2020-03-18 19:48:20.311 | INFO     | train:tokenize_stem:48 - 

 tokenize_stem :
2020-03-18 19:48:20.313 | INFO     | train:tokenize_stem:48 - 

 tokenize_stem :
2020-03-18 19:48:20.315 | INFO     | train:tokenize_stem:48 - 

 tokenize_stem :
2020-03-18 19:48:20.317 | INFO     | train:tokenize_stem:48 - 

 tokenize_stem :
2020-03-18 19:48:20.319 | INFO     | train:tokenize_stem:48 - 

 tokenize_stem :
2020-03-18 19:48:20.320 | INFO     | train:tokenize_stem:48 - 

 tokenize_stem :
2020-03-18 19:48:20.322 | INFO     | train:tokenize_stem:48 - 

 tokenize_stem :
2020-03-18 19:48:20.329 | DEBUG    | train:build_model:195 - features : (40, 456)
2020-03-18 19:48:24.712 | DEBUG    | train:cross_validation:147 - 

 Accuracy mean: model_name
LogisticRegression        1.00
MultinomialNB             1.00
RandomForestClassifier    0.95
Name: accuracy, dtype: float64
2020-03-18 19:48:24.821 | DEBUG    | train:build_model:203 -  

 pickle_saved :model.pkl
2020-03-18 19:48:24.822 | DEBUG    | train:build_model:206 -  

 y_pred :[1 1 1 0 0 0 1 0 0 1 1 1 1 0] 
2020-03-18 19:48:24.826 | DEBUG    | train:pickle_save:157 - 

 Pickled dumped : C:\Users\gdnau\Giri\dfx\model
2020-03-18 19:48:24.830 | DEBUG    | train:pickle_save:157 - 

 Pickled dumped : C:\Users\gdnau\Giri\dfx\model
2020-03-18 19:48:24.832 | DEBUG    | train:build_model:210 - 

 conf_mat: [[6 0]
 [0 8]]
2020-03-18 19:48:24.833 | INFO     | train:build_model:211 -  Model location: model_path ->
