2020-03-18 17:54:15.987 | INFO     | train:build_model:172 - 

 >>>>>>>>>>>>>>>>>>>> Move Group to Training In Progress <<<<<<<<<<<<<<<<<<<<<< 
2020-03-18 17:54:16.658 | INFO     | train:build_model:179 - 

 training_dataset - > Model Building 
2020-03-18 17:54:16.658 | DEBUG    | train:training_dataset:106 - 

 training_dataset : <function tokenize_stem at 0x000001DF6B295840>
2020-03-18 17:54:16.659 | INFO     | train:training_dataset:114 - 
 Loading the dataset...

2020-03-18 17:54:16.659 | INFO     | train:training_dataset:115 - 
 templates : 
2020-03-18 17:54:16.663 | INFO     | train:build_model:181 - 
 Feature Extraction...

2020-03-18 17:54:16.663 | INFO     | train:build_model:182 -  DATASET LENGTH : 20
2020-03-18 17:54:16.664 | INFO     | train:tokenize_stem:47 - 

 tokenize_stem :
2020-03-18 17:54:16.674 | INFO     | train:tokenize_stem:47 - 

 tokenize_stem :
2020-03-18 17:54:16.675 | INFO     | train:tokenize_stem:47 - 

 tokenize_stem :
2020-03-18 17:54:16.675 | INFO     | train:tokenize_stem:47 - 

 tokenize_stem :
2020-03-18 17:54:16.675 | INFO     | train:tokenize_stem:47 - 

 tokenize_stem :
2020-03-18 17:54:16.676 | INFO     | train:tokenize_stem:47 - 

 tokenize_stem :
2020-03-18 17:54:16.676 | INFO     | train:tokenize_stem:47 - 

 tokenize_stem :
2020-03-18 17:54:16.677 | INFO     | train:tokenize_stem:47 - 

 tokenize_stem :
2020-03-18 17:54:16.678 | INFO     | train:tokenize_stem:47 - 

 tokenize_stem :
2020-03-18 17:54:16.678 | INFO     | train:tokenize_stem:47 - 

 tokenize_stem :
2020-03-18 17:54:16.679 | INFO     | train:tokenize_stem:47 - 

 tokenize_stem :
2020-03-18 17:54:16.679 | INFO     | train:tokenize_stem:47 - 

 tokenize_stem :
2020-03-18 17:54:16.680 | INFO     | train:tokenize_stem:47 - 

 tokenize_stem :
2020-03-18 17:54:16.680 | INFO     | train:tokenize_stem:47 - 

 tokenize_stem :
2020-03-18 17:54:16.681 | INFO     | train:tokenize_stem:47 - 

 tokenize_stem :
2020-03-18 17:54:16.681 | INFO     | train:tokenize_stem:47 - 

 tokenize_stem :
2020-03-18 17:54:16.682 | INFO     | train:tokenize_stem:47 - 

 tokenize_stem :
2020-03-18 17:54:16.682 | INFO     | train:tokenize_stem:47 - 

 tokenize_stem :
2020-03-18 17:54:16.682 | INFO     | train:tokenize_stem:47 - 

 tokenize_stem :
2020-03-18 17:54:16.683 | INFO     | train:tokenize_stem:47 - 

 tokenize_stem :
2020-03-18 17:54:16.683 | INFO     | train:tokenize_stem:47 - 

 tokenize_stem :
2020-03-18 17:54:16.684 | INFO     | train:tokenize_stem:47 - 

 tokenize_stem :
2020-03-18 17:54:16.685 | INFO     | train:tokenize_stem:47 - 

 tokenize_stem :
2020-03-18 17:54:16.686 | INFO     | train:tokenize_stem:47 - 

 tokenize_stem :
2020-03-18 17:54:16.686 | INFO     | train:tokenize_stem:47 - 

 tokenize_stem :
2020-03-18 17:54:16.687 | INFO     | train:tokenize_stem:47 - 

 tokenize_stem :
2020-03-18 17:54:16.687 | INFO     | train:tokenize_stem:47 - 

 tokenize_stem :
2020-03-18 17:54:16.688 | INFO     | train:tokenize_stem:47 - 

 tokenize_stem :
2020-03-18 17:54:16.688 | INFO     | train:tokenize_stem:47 - 

 tokenize_stem :
2020-03-18 17:54:16.688 | INFO     | train:tokenize_stem:47 - 

 tokenize_stem :
2020-03-18 17:54:16.689 | INFO     | train:tokenize_stem:47 - 

 tokenize_stem :
2020-03-18 17:54:16.689 | INFO     | train:tokenize_stem:47 - 

 tokenize_stem :
2020-03-18 17:54:16.689 | INFO     | train:tokenize_stem:47 - 

 tokenize_stem :
2020-03-18 17:54:16.690 | INFO     | train:tokenize_stem:47 - 

 tokenize_stem :
2020-03-18 17:54:16.690 | INFO     | train:tokenize_stem:47 - 

 tokenize_stem :
2020-03-18 17:54:16.690 | INFO     | train:tokenize_stem:47 - 

 tokenize_stem :
2020-03-18 17:54:16.691 | INFO     | train:tokenize_stem:47 - 

 tokenize_stem :
2020-03-18 17:54:16.691 | INFO     | train:tokenize_stem:47 - 

 tokenize_stem :
2020-03-18 17:54:16.691 | INFO     | train:tokenize_stem:47 - 

 tokenize_stem :
2020-03-18 17:54:16.692 | INFO     | train:tokenize_stem:47 - 

 tokenize_stem :
2020-03-18 17:54:16.692 | INFO     | train:tokenize_stem:47 - 

 tokenize_stem :
2020-03-18 17:54:16.692 | INFO     | train:tokenize_stem:47 - 

 tokenize_stem :
2020-03-18 17:54:16.693 | INFO     | train:tokenize_stem:47 - 

 tokenize_stem :
2020-03-18 17:54:16.693 | INFO     | train:tokenize_stem:47 - 

 tokenize_stem :
2020-03-18 17:54:16.694 | INFO     | train:tokenize_stem:47 - 

 tokenize_stem :
2020-03-18 17:54:16.694 | INFO     | train:tokenize_stem:47 - 

 tokenize_stem :
2020-03-18 17:54:16.695 | INFO     | train:tokenize_stem:47 - 

 tokenize_stem :
2020-03-18 17:54:16.695 | INFO     | train:tokenize_stem:47 - 

 tokenize_stem :
2020-03-18 17:54:16.695 | INFO     | train:tokenize_stem:47 - 

 tokenize_stem :
2020-03-18 17:54:16.696 | INFO     | train:tokenize_stem:47 - 

 tokenize_stem :
2020-03-18 17:54:16.696 | INFO     | train:tokenize_stem:47 - 

 tokenize_stem :
2020-03-18 17:54:16.696 | INFO     | train:tokenize_stem:47 - 

 tokenize_stem :
2020-03-18 17:54:16.697 | INFO     | train:tokenize_stem:47 - 

 tokenize_stem :
2020-03-18 17:54:16.697 | INFO     | train:tokenize_stem:47 - 

 tokenize_stem :
2020-03-18 17:54:16.698 | INFO     | train:tokenize_stem:47 - 

 tokenize_stem :
2020-03-18 17:54:16.698 | INFO     | train:tokenize_stem:47 - 

 tokenize_stem :
2020-03-18 17:54:16.698 | INFO     | train:tokenize_stem:47 - 

 tokenize_stem :
2020-03-18 17:54:16.699 | INFO     | train:tokenize_stem:47 - 

 tokenize_stem :
2020-03-18 17:54:16.699 | INFO     | train:tokenize_stem:47 - 

 tokenize_stem :
2020-03-18 17:54:16.699 | INFO     | train:tokenize_stem:47 - 

 tokenize_stem :
2020-03-18 17:54:16.700 | INFO     | train:tokenize_stem:47 - 

 tokenize_stem :
2020-03-18 17:54:16.701 | INFO     | train:tokenize_stem:47 - 

 tokenize_stem :
2020-03-18 17:54:16.702 | INFO     | train:tokenize_stem:47 - 

 tokenize_stem :
2020-03-18 17:54:16.702 | INFO     | train:tokenize_stem:47 - 

 tokenize_stem :
2020-03-18 17:54:16.703 | INFO     | train:tokenize_stem:47 - 

 tokenize_stem :
2020-03-18 17:54:16.703 | INFO     | train:tokenize_stem:47 - 

 tokenize_stem :
2020-03-18 17:54:16.704 | INFO     | train:tokenize_stem:47 - 

 tokenize_stem :
2020-03-18 17:54:16.704 | INFO     | train:tokenize_stem:47 - 

 tokenize_stem :
2020-03-18 17:54:16.704 | INFO     | train:tokenize_stem:47 - 

 tokenize_stem :
2020-03-18 17:54:16.705 | INFO     | train:tokenize_stem:47 - 

 tokenize_stem :
2020-03-18 17:54:16.706 | INFO     | train:tokenize_stem:47 - 

 tokenize_stem :
2020-03-18 17:54:16.707 | INFO     | train:tokenize_stem:47 - 

 tokenize_stem :
2020-03-18 17:54:16.708 | INFO     | train:tokenize_stem:47 - 

 tokenize_stem :
2020-03-18 17:54:16.708 | INFO     | train:tokenize_stem:47 - 

 tokenize_stem :
2020-03-18 17:54:16.709 | INFO     | train:tokenize_stem:47 - 

 tokenize_stem :
2020-03-18 17:54:16.710 | INFO     | train:tokenize_stem:47 - 

 tokenize_stem :
2020-03-18 17:54:16.711 | INFO     | train:tokenize_stem:47 - 

 tokenize_stem :
2020-03-18 17:54:16.712 | INFO     | train:tokenize_stem:47 - 

 tokenize_stem :
2020-03-18 17:54:16.712 | INFO     | train:tokenize_stem:47 - 

 tokenize_stem :
2020-03-18 17:54:16.713 | INFO     | train:tokenize_stem:47 - 

 tokenize_stem :
2020-03-18 17:54:16.714 | INFO     | train:tokenize_stem:47 - 

 tokenize_stem :
2020-03-18 17:54:16.714 | INFO     | train:tokenize_stem:47 - 

 tokenize_stem :
2020-03-18 17:54:16.715 | INFO     | train:tokenize_stem:47 - 

 tokenize_stem :
2020-03-18 17:54:16.715 | INFO     | train:tokenize_stem:47 - 

 tokenize_stem :
2020-03-18 17:54:16.720 | INFO     | train:tokenize_stem:47 - 

 tokenize_stem :
2020-03-18 17:54:16.720 | INFO     | train:tokenize_stem:47 - 

 tokenize_stem :
2020-03-18 17:54:16.721 | INFO     | train:tokenize_stem:47 - 

 tokenize_stem :
2020-03-18 17:54:16.721 | INFO     | train:tokenize_stem:47 - 

 tokenize_stem :
2020-03-18 17:54:16.722 | INFO     | train:tokenize_stem:47 - 

 tokenize_stem :
2020-03-18 17:54:16.722 | INFO     | train:tokenize_stem:47 - 

 tokenize_stem :
2020-03-18 17:54:16.722 | INFO     | train:tokenize_stem:47 - 

 tokenize_stem :
2020-03-18 17:54:16.723 | INFO     | train:tokenize_stem:47 - 

 tokenize_stem :
2020-03-18 17:54:16.723 | INFO     | train:tokenize_stem:47 - 

 tokenize_stem :
2020-03-18 17:54:16.724 | INFO     | train:tokenize_stem:47 - 

 tokenize_stem :
2020-03-18 17:54:16.724 | INFO     | train:tokenize_stem:47 - 

 tokenize_stem :
2020-03-18 17:54:16.725 | INFO     | train:tokenize_stem:47 - 

 tokenize_stem :
2020-03-18 17:54:16.725 | INFO     | train:tokenize_stem:47 - 

 tokenize_stem :
2020-03-18 17:54:16.726 | INFO     | train:tokenize_stem:47 - 

 tokenize_stem :
2020-03-18 17:54:16.726 | INFO     | train:tokenize_stem:47 - 

 tokenize_stem :
2020-03-18 17:54:16.727 | INFO     | train:tokenize_stem:47 - 

 tokenize_stem :
2020-03-18 17:54:16.728 | INFO     | train:tokenize_stem:47 - 

 tokenize_stem :
2020-03-18 17:54:16.729 | INFO     | train:tokenize_stem:47 - 

 tokenize_stem :
2020-03-18 17:54:16.730 | INFO     | train:tokenize_stem:47 - 

 tokenize_stem :
2020-03-18 17:54:16.730 | INFO     | train:tokenize_stem:47 - 

 tokenize_stem :
2020-03-18 17:54:16.731 | INFO     | train:tokenize_stem:47 - 

 tokenize_stem :
2020-03-18 17:54:16.731 | INFO     | train:tokenize_stem:47 - 

 tokenize_stem :
2020-03-18 17:54:16.732 | INFO     | train:tokenize_stem:47 - 

 tokenize_stem :
2020-03-18 17:54:16.732 | INFO     | train:tokenize_stem:47 - 

 tokenize_stem :
2020-03-18 17:54:16.733 | INFO     | train:tokenize_stem:47 - 

 tokenize_stem :
2020-03-18 17:54:16.733 | INFO     | train:tokenize_stem:47 - 

 tokenize_stem :
2020-03-18 17:54:16.734 | INFO     | train:tokenize_stem:47 - 

 tokenize_stem :
2020-03-18 17:54:16.734 | INFO     | train:tokenize_stem:47 - 

 tokenize_stem :
2020-03-18 17:54:16.735 | INFO     | train:tokenize_stem:47 - 

 tokenize_stem :
2020-03-18 17:54:16.735 | INFO     | train:tokenize_stem:47 - 

 tokenize_stem :
2020-03-18 17:54:16.736 | INFO     | train:tokenize_stem:47 - 

 tokenize_stem :
2020-03-18 17:54:16.737 | INFO     | train:tokenize_stem:47 - 

 tokenize_stem :
2020-03-18 17:54:16.737 | INFO     | train:tokenize_stem:47 - 

 tokenize_stem :
2020-03-18 17:54:16.738 | INFO     | train:tokenize_stem:47 - 

 tokenize_stem :
2020-03-18 17:54:16.738 | INFO     | train:tokenize_stem:47 - 

 tokenize_stem :
2020-03-18 17:54:16.739 | INFO     | train:tokenize_stem:47 - 

 tokenize_stem :
2020-03-18 17:54:16.739 | INFO     | train:tokenize_stem:47 - 

 tokenize_stem :
2020-03-18 17:54:16.740 | INFO     | train:tokenize_stem:47 - 

 tokenize_stem :
2020-03-18 17:54:16.740 | INFO     | train:tokenize_stem:47 - 

 tokenize_stem :
2020-03-18 17:54:16.741 | INFO     | train:tokenize_stem:47 - 

 tokenize_stem :
2020-03-18 17:54:16.741 | INFO     | train:tokenize_stem:47 - 

 tokenize_stem :
2020-03-18 17:54:16.742 | INFO     | train:tokenize_stem:47 - 

 tokenize_stem :
2020-03-18 17:54:16.743 | INFO     | train:tokenize_stem:47 - 

 tokenize_stem :
2020-03-18 17:54:16.743 | INFO     | train:tokenize_stem:47 - 

 tokenize_stem :
2020-03-18 17:54:16.744 | INFO     | train:tokenize_stem:47 - 

 tokenize_stem :
2020-03-18 17:54:16.744 | INFO     | train:tokenize_stem:47 - 

 tokenize_stem :
2020-03-18 17:54:16.745 | INFO     | train:tokenize_stem:47 - 

 tokenize_stem :
2020-03-18 17:54:16.746 | INFO     | train:tokenize_stem:47 - 

 tokenize_stem :
2020-03-18 17:54:16.747 | INFO     | train:tokenize_stem:47 - 

 tokenize_stem :
2020-03-18 17:54:16.747 | INFO     | train:tokenize_stem:47 - 

 tokenize_stem :
2020-03-18 17:54:16.748 | INFO     | train:tokenize_stem:47 - 

 tokenize_stem :
2020-03-18 17:54:16.748 | INFO     | train:tokenize_stem:47 - 

 tokenize_stem :
2020-03-18 17:54:16.749 | INFO     | train:tokenize_stem:47 - 

 tokenize_stem :
2020-03-18 17:54:16.749 | INFO     | train:tokenize_stem:47 - 

 tokenize_stem :
2020-03-18 17:54:16.750 | INFO     | train:tokenize_stem:47 - 

 tokenize_stem :
2020-03-18 17:54:16.750 | INFO     | train:tokenize_stem:47 - 

 tokenize_stem :
2020-03-18 17:54:16.751 | INFO     | train:tokenize_stem:47 - 

 tokenize_stem :
2020-03-18 17:54:16.752 | INFO     | train:tokenize_stem:47 - 

 tokenize_stem :
2020-03-18 17:54:16.752 | INFO     | train:tokenize_stem:47 - 

 tokenize_stem :
2020-03-18 17:54:16.753 | INFO     | train:tokenize_stem:47 - 

 tokenize_stem :
2020-03-18 17:54:16.754 | INFO     | train:tokenize_stem:47 - 

 tokenize_stem :
2020-03-18 17:54:16.754 | INFO     | train:tokenize_stem:47 - 

 tokenize_stem :
2020-03-18 17:54:16.755 | INFO     | train:tokenize_stem:47 - 

 tokenize_stem :
2020-03-18 17:54:16.755 | INFO     | train:tokenize_stem:47 - 

 tokenize_stem :
2020-03-18 17:54:16.756 | INFO     | train:tokenize_stem:47 - 

 tokenize_stem :
2020-03-18 17:54:16.756 | INFO     | train:tokenize_stem:47 - 

 tokenize_stem :
2020-03-18 17:54:16.757 | INFO     | train:tokenize_stem:47 - 

 tokenize_stem :
2020-03-18 17:54:16.758 | INFO     | train:tokenize_stem:47 - 

 tokenize_stem :
2020-03-18 17:54:16.758 | INFO     | train:tokenize_stem:47 - 

 tokenize_stem :
2020-03-18 17:54:16.759 | INFO     | train:tokenize_stem:47 - 

 tokenize_stem :
2020-03-18 17:54:16.759 | INFO     | train:tokenize_stem:47 - 

 tokenize_stem :
2020-03-18 17:54:16.760 | INFO     | train:tokenize_stem:47 - 

 tokenize_stem :
2020-03-18 17:54:16.761 | INFO     | train:tokenize_stem:47 - 

 tokenize_stem :
2020-03-18 17:54:16.761 | INFO     | train:tokenize_stem:47 - 

 tokenize_stem :
2020-03-18 17:54:16.762 | INFO     | train:tokenize_stem:47 - 

 tokenize_stem :
2020-03-18 17:54:16.762 | INFO     | train:tokenize_stem:47 - 

 tokenize_stem :
2020-03-18 17:54:16.763 | INFO     | train:tokenize_stem:47 - 

 tokenize_stem :
2020-03-18 17:54:16.763 | INFO     | train:tokenize_stem:47 - 

 tokenize_stem :
2020-03-18 17:54:16.764 | INFO     | train:tokenize_stem:47 - 

 tokenize_stem :
2020-03-18 17:54:16.764 | INFO     | train:tokenize_stem:47 - 

 tokenize_stem :
2020-03-18 17:54:16.765 | INFO     | train:tokenize_stem:47 - 

 tokenize_stem :
2020-03-18 17:54:16.765 | INFO     | train:tokenize_stem:47 - 

 tokenize_stem :
2020-03-18 17:54:16.766 | INFO     | train:tokenize_stem:47 - 

 tokenize_stem :
2020-03-18 17:54:16.766 | INFO     | train:tokenize_stem:47 - 

 tokenize_stem :
2020-03-18 17:54:16.767 | INFO     | train:tokenize_stem:47 - 

 tokenize_stem :
2020-03-18 17:54:16.767 | INFO     | train:tokenize_stem:47 - 

 tokenize_stem :
2020-03-18 17:54:16.768 | INFO     | train:tokenize_stem:47 - 

 tokenize_stem :
2020-03-18 17:54:16.768 | INFO     | train:tokenize_stem:47 - 

 tokenize_stem :
2020-03-18 17:54:16.769 | INFO     | train:tokenize_stem:47 - 

 tokenize_stem :
2020-03-18 17:54:16.770 | INFO     | train:tokenize_stem:47 - 

 tokenize_stem :
2020-03-18 17:54:16.770 | INFO     | train:tokenize_stem:47 - 

 tokenize_stem :
2020-03-18 17:54:16.771 | INFO     | train:tokenize_stem:47 - 

 tokenize_stem :
2020-03-18 17:54:16.771 | INFO     | train:tokenize_stem:47 - 

 tokenize_stem :
2020-03-18 17:54:16.772 | INFO     | train:tokenize_stem:47 - 

 tokenize_stem :
2020-03-18 17:54:16.772 | INFO     | train:tokenize_stem:47 - 

 tokenize_stem :
2020-03-18 17:54:16.773 | INFO     | train:tokenize_stem:47 - 

 tokenize_stem :
2020-03-18 17:54:16.774 | INFO     | train:tokenize_stem:47 - 

 tokenize_stem :
2020-03-18 17:54:16.775 | INFO     | train:tokenize_stem:47 - 

 tokenize_stem :
2020-03-18 17:54:16.777 | INFO     | train:tokenize_stem:47 - 

 tokenize_stem :
2020-03-18 17:54:16.777 | INFO     | train:tokenize_stem:47 - 

 tokenize_stem :
2020-03-18 17:54:16.778 | INFO     | train:tokenize_stem:47 - 

 tokenize_stem :
2020-03-18 17:54:16.779 | INFO     | train:tokenize_stem:47 - 

 tokenize_stem :
2020-03-18 17:54:16.779 | INFO     | train:tokenize_stem:47 - 

 tokenize_stem :
2020-03-18 17:54:16.780 | INFO     | train:tokenize_stem:47 - 

 tokenize_stem :
2020-03-18 17:54:16.780 | INFO     | train:tokenize_stem:47 - 

 tokenize_stem :
2020-03-18 17:54:16.781 | INFO     | train:tokenize_stem:47 - 

 tokenize_stem :
2020-03-18 17:54:16.782 | INFO     | train:tokenize_stem:47 - 

 tokenize_stem :
2020-03-18 17:54:16.782 | INFO     | train:tokenize_stem:47 - 

 tokenize_stem :
2020-03-18 17:54:16.783 | INFO     | train:tokenize_stem:47 - 

 tokenize_stem :
2020-03-18 17:54:16.783 | INFO     | train:tokenize_stem:47 - 

 tokenize_stem :
2020-03-18 17:54:16.784 | INFO     | train:tokenize_stem:47 - 

 tokenize_stem :
2020-03-18 17:54:16.785 | INFO     | train:tokenize_stem:47 - 

 tokenize_stem :
2020-03-18 17:54:16.786 | INFO     | train:tokenize_stem:47 - 

 tokenize_stem :
2020-03-18 17:54:16.787 | INFO     | train:tokenize_stem:47 - 

 tokenize_stem :
2020-03-18 17:54:16.788 | INFO     | train:tokenize_stem:47 - 

 tokenize_stem :
2020-03-18 17:54:16.789 | INFO     | train:tokenize_stem:47 - 

 tokenize_stem :
2020-03-18 17:54:16.790 | INFO     | train:tokenize_stem:47 - 

 tokenize_stem :
2020-03-18 17:54:16.790 | INFO     | train:tokenize_stem:47 - 

 tokenize_stem :
2020-03-18 17:54:16.791 | INFO     | train:tokenize_stem:47 - 

 tokenize_stem :
2020-03-18 17:54:16.792 | INFO     | train:tokenize_stem:47 - 

 tokenize_stem :
2020-03-18 17:54:16.792 | INFO     | train:tokenize_stem:47 - 

 tokenize_stem :
2020-03-18 17:54:16.793 | INFO     | train:tokenize_stem:47 - 

 tokenize_stem :
2020-03-18 17:54:16.794 | INFO     | train:tokenize_stem:47 - 

 tokenize_stem :
2020-03-18 17:54:16.795 | INFO     | train:tokenize_stem:47 - 

 tokenize_stem :
2020-03-18 17:54:16.796 | INFO     | train:tokenize_stem:47 - 

 tokenize_stem :
2020-03-18 17:54:16.796 | INFO     | train:tokenize_stem:47 - 

 tokenize_stem :
2020-03-18 17:54:16.797 | INFO     | train:tokenize_stem:47 - 

 tokenize_stem :
2020-03-18 17:54:16.797 | INFO     | train:tokenize_stem:47 - 

 tokenize_stem :
2020-03-18 17:54:16.798 | INFO     | train:tokenize_stem:47 - 

 tokenize_stem :
2020-03-18 17:54:16.799 | INFO     | train:tokenize_stem:47 - 

 tokenize_stem :
2020-03-18 17:54:16.799 | INFO     | train:tokenize_stem:47 - 

 tokenize_stem :
2020-03-18 17:54:16.800 | INFO     | train:tokenize_stem:47 - 

 tokenize_stem :
2020-03-18 17:54:16.801 | INFO     | train:tokenize_stem:47 - 

 tokenize_stem :
2020-03-18 17:54:16.802 | INFO     | train:tokenize_stem:47 - 

 tokenize_stem :
2020-03-18 17:54:16.802 | INFO     | train:tokenize_stem:47 - 

 tokenize_stem :
2020-03-18 17:54:16.803 | INFO     | train:tokenize_stem:47 - 

 tokenize_stem :
2020-03-18 17:54:16.803 | INFO     | train:tokenize_stem:47 - 

 tokenize_stem :
2020-03-18 17:54:16.804 | INFO     | train:tokenize_stem:47 - 

 tokenize_stem :
2020-03-18 17:54:16.804 | INFO     | train:tokenize_stem:47 - 

 tokenize_stem :
2020-03-18 17:54:16.805 | INFO     | train:tokenize_stem:47 - 

 tokenize_stem :
2020-03-18 17:54:16.806 | INFO     | train:tokenize_stem:47 - 

 tokenize_stem :
2020-03-18 17:54:16.806 | INFO     | train:tokenize_stem:47 - 

 tokenize_stem :
2020-03-18 17:54:16.807 | INFO     | train:tokenize_stem:47 - 

 tokenize_stem :
2020-03-18 17:54:16.807 | INFO     | train:tokenize_stem:47 - 

 tokenize_stem :
2020-03-18 17:54:16.807 | INFO     | train:tokenize_stem:47 - 

 tokenize_stem :
2020-03-18 17:54:16.808 | INFO     | train:tokenize_stem:47 - 

 tokenize_stem :
2020-03-18 17:54:16.809 | INFO     | train:tokenize_stem:47 - 

 tokenize_stem :
2020-03-18 17:54:16.811 | INFO     | train:tokenize_stem:47 - 

 tokenize_stem :
2020-03-18 17:54:16.811 | INFO     | train:tokenize_stem:47 - 

 tokenize_stem :
2020-03-18 17:54:16.814 | INFO     | train:tokenize_stem:47 - 

 tokenize_stem :
2020-03-18 17:54:16.816 | INFO     | train:tokenize_stem:47 - 

 tokenize_stem :
2020-03-18 17:54:16.816 | INFO     | train:tokenize_stem:47 - 

 tokenize_stem :
2020-03-18 17:54:16.818 | INFO     | train:tokenize_stem:47 - 

 tokenize_stem :
2020-03-18 17:54:16.819 | INFO     | train:tokenize_stem:47 - 

 tokenize_stem :
2020-03-18 17:54:16.820 | INFO     | train:tokenize_stem:47 - 

 tokenize_stem :
2020-03-18 17:54:16.821 | INFO     | train:tokenize_stem:47 - 

 tokenize_stem :
2020-03-18 17:54:16.822 | INFO     | train:tokenize_stem:47 - 

 tokenize_stem :
2020-03-18 17:54:16.823 | INFO     | train:tokenize_stem:47 - 

 tokenize_stem :
2020-03-18 17:54:16.824 | INFO     | train:tokenize_stem:47 - 

 tokenize_stem :
2020-03-18 17:54:16.825 | INFO     | train:tokenize_stem:47 - 

 tokenize_stem :
2020-03-18 17:54:16.826 | INFO     | train:tokenize_stem:47 - 

 tokenize_stem :
2020-03-18 17:54:16.827 | INFO     | train:tokenize_stem:47 - 

 tokenize_stem :
2020-03-18 17:54:16.828 | INFO     | train:tokenize_stem:47 - 

 tokenize_stem :
2020-03-18 17:54:16.828 | INFO     | train:tokenize_stem:47 - 

 tokenize_stem :
2020-03-18 17:54:16.829 | INFO     | train:tokenize_stem:47 - 

 tokenize_stem :
2020-03-18 17:54:16.829 | INFO     | train:tokenize_stem:47 - 

 tokenize_stem :
2020-03-18 17:54:16.830 | INFO     | train:tokenize_stem:47 - 

 tokenize_stem :
2020-03-18 17:54:16.830 | INFO     | train:tokenize_stem:47 - 

 tokenize_stem :
2020-03-18 17:54:16.831 | INFO     | train:tokenize_stem:47 - 

 tokenize_stem :
2020-03-18 17:54:16.831 | INFO     | train:tokenize_stem:47 - 

 tokenize_stem :
2020-03-18 17:54:16.833 | INFO     | train:tokenize_stem:47 - 

 tokenize_stem :
2020-03-18 17:54:16.836 | INFO     | train:tokenize_stem:47 - 

 tokenize_stem :
2020-03-18 17:54:16.837 | INFO     | train:tokenize_stem:47 - 

 tokenize_stem :
2020-03-18 17:54:16.838 | INFO     | train:tokenize_stem:47 - 

 tokenize_stem :
2020-03-18 17:54:16.839 | INFO     | train:tokenize_stem:47 - 

 tokenize_stem :
2020-03-18 17:54:16.840 | INFO     | train:tokenize_stem:47 - 

 tokenize_stem :
2020-03-18 17:54:16.841 | INFO     | train:tokenize_stem:47 - 

 tokenize_stem :
2020-03-18 17:54:16.841 | INFO     | train:tokenize_stem:47 - 

 tokenize_stem :
2020-03-18 17:54:16.842 | INFO     | train:tokenize_stem:47 - 

 tokenize_stem :
2020-03-18 17:54:16.842 | INFO     | train:tokenize_stem:47 - 

 tokenize_stem :
2020-03-18 17:54:16.843 | INFO     | train:tokenize_stem:47 - 

 tokenize_stem :
2020-03-18 17:54:16.844 | INFO     | train:tokenize_stem:47 - 

 tokenize_stem :
2020-03-18 17:54:16.845 | INFO     | train:tokenize_stem:47 - 

 tokenize_stem :
2020-03-18 17:54:16.845 | INFO     | train:tokenize_stem:47 - 

 tokenize_stem :
2020-03-18 17:54:16.846 | INFO     | train:tokenize_stem:47 - 

 tokenize_stem :
2020-03-18 17:54:16.847 | INFO     | train:tokenize_stem:47 - 

 tokenize_stem :
2020-03-18 17:54:16.848 | INFO     | train:tokenize_stem:47 - 

 tokenize_stem :
2020-03-18 17:54:16.848 | INFO     | train:tokenize_stem:47 - 

 tokenize_stem :
2020-03-18 17:54:16.849 | INFO     | train:tokenize_stem:47 - 

 tokenize_stem :
2020-03-18 17:54:16.851 | INFO     | train:tokenize_stem:47 - 

 tokenize_stem :
2020-03-18 17:54:16.852 | INFO     | train:tokenize_stem:47 - 

 tokenize_stem :
2020-03-18 17:54:16.853 | INFO     | train:tokenize_stem:47 - 

 tokenize_stem :
2020-03-18 17:54:16.854 | INFO     | train:tokenize_stem:47 - 

 tokenize_stem :
2020-03-18 17:54:16.855 | INFO     | train:tokenize_stem:47 - 

 tokenize_stem :
2020-03-18 17:54:16.856 | INFO     | train:tokenize_stem:47 - 

 tokenize_stem :
2020-03-18 17:54:16.857 | INFO     | train:tokenize_stem:47 - 

 tokenize_stem :
2020-03-18 17:54:16.858 | INFO     | train:tokenize_stem:47 - 

 tokenize_stem :
2020-03-18 17:54:16.859 | INFO     | train:tokenize_stem:47 - 

 tokenize_stem :
2020-03-18 17:54:16.860 | INFO     | train:tokenize_stem:47 - 

 tokenize_stem :
2020-03-18 17:54:16.862 | INFO     | train:tokenize_stem:47 - 

 tokenize_stem :
2020-03-18 17:54:16.862 | INFO     | train:tokenize_stem:47 - 

 tokenize_stem :
2020-03-18 17:54:16.863 | INFO     | train:tokenize_stem:47 - 

 tokenize_stem :
2020-03-18 17:54:16.866 | INFO     | train:tokenize_stem:47 - 

 tokenize_stem :
2020-03-18 17:54:16.868 | INFO     | train:tokenize_stem:47 - 

 tokenize_stem :
2020-03-18 17:54:16.869 | INFO     | train:tokenize_stem:47 - 

 tokenize_stem :
2020-03-18 17:54:16.870 | INFO     | train:tokenize_stem:47 - 

 tokenize_stem :
2020-03-18 17:54:16.873 | INFO     | train:tokenize_stem:47 - 

 tokenize_stem :
2020-03-18 17:54:16.874 | INFO     | train:tokenize_stem:47 - 

 tokenize_stem :
2020-03-18 17:54:16.874 | INFO     | train:tokenize_stem:47 - 

 tokenize_stem :
2020-03-18 17:54:16.875 | INFO     | train:tokenize_stem:47 - 

 tokenize_stem :
2020-03-18 17:54:16.876 | INFO     | train:tokenize_stem:47 - 

 tokenize_stem :
2020-03-18 17:54:16.877 | INFO     | train:tokenize_stem:47 - 

 tokenize_stem :
2020-03-18 17:54:16.879 | INFO     | train:tokenize_stem:47 - 

 tokenize_stem :
2020-03-18 17:54:16.881 | INFO     | train:tokenize_stem:47 - 

 tokenize_stem :
2020-03-18 17:54:16.882 | INFO     | train:tokenize_stem:47 - 

 tokenize_stem :
2020-03-18 17:54:16.882 | INFO     | train:tokenize_stem:47 - 

 tokenize_stem :
2020-03-18 17:54:16.883 | INFO     | train:tokenize_stem:47 - 

 tokenize_stem :
2020-03-18 17:54:16.887 | INFO     | train:tokenize_stem:47 - 

 tokenize_stem :
2020-03-18 17:54:16.888 | INFO     | train:tokenize_stem:47 - 

 tokenize_stem :
2020-03-18 17:54:16.889 | INFO     | train:tokenize_stem:47 - 

 tokenize_stem :
2020-03-18 17:54:16.889 | INFO     | train:tokenize_stem:47 - 

 tokenize_stem :
2020-03-18 17:54:16.890 | INFO     | train:tokenize_stem:47 - 

 tokenize_stem :
2020-03-18 17:54:16.891 | INFO     | train:tokenize_stem:47 - 

 tokenize_stem :
2020-03-18 17:54:16.891 | INFO     | train:tokenize_stem:47 - 

 tokenize_stem :
2020-03-18 17:54:16.892 | INFO     | train:tokenize_stem:47 - 

 tokenize_stem :
2020-03-18 17:54:16.893 | INFO     | train:tokenize_stem:47 - 

 tokenize_stem :
2020-03-18 17:54:16.894 | INFO     | train:tokenize_stem:47 - 

 tokenize_stem :
2020-03-18 17:54:16.895 | INFO     | train:tokenize_stem:47 - 

 tokenize_stem :
2020-03-18 17:54:16.896 | INFO     | train:tokenize_stem:47 - 

 tokenize_stem :
2020-03-18 17:54:16.896 | INFO     | train:tokenize_stem:47 - 

 tokenize_stem :
2020-03-18 17:54:16.897 | INFO     | train:tokenize_stem:47 - 

 tokenize_stem :
2020-03-18 17:54:16.898 | INFO     | train:tokenize_stem:47 - 

 tokenize_stem :
2020-03-18 17:54:16.899 | INFO     | train:tokenize_stem:47 - 

 tokenize_stem :
2020-03-18 17:54:16.899 | INFO     | train:tokenize_stem:47 - 

 tokenize_stem :
2020-03-18 17:54:16.901 | INFO     | train:tokenize_stem:47 - 

 tokenize_stem :
2020-03-18 17:54:16.908 | INFO     | train:tokenize_stem:47 - 

 tokenize_stem :
2020-03-18 17:54:16.912 | INFO     | train:tokenize_stem:47 - 

 tokenize_stem :
2020-03-18 17:54:16.919 | INFO     | train:tokenize_stem:47 - 

 tokenize_stem :
2020-03-18 17:54:16.924 | INFO     | train:tokenize_stem:47 - 

 tokenize_stem :
2020-03-18 17:54:16.929 | INFO     | train:tokenize_stem:47 - 

 tokenize_stem :
2020-03-18 17:54:16.932 | INFO     | train:tokenize_stem:47 - 

 tokenize_stem :
2020-03-18 17:54:16.938 | INFO     | train:tokenize_stem:47 - 

 tokenize_stem :
2020-03-18 17:54:16.941 | INFO     | train:tokenize_stem:47 - 

 tokenize_stem :
2020-03-18 17:54:16.944 | INFO     | train:tokenize_stem:47 - 

 tokenize_stem :
2020-03-18 17:54:16.946 | INFO     | train:tokenize_stem:47 - 

 tokenize_stem :
2020-03-18 17:54:16.948 | INFO     | train:tokenize_stem:47 - 

 tokenize_stem :
2020-03-18 17:54:16.951 | INFO     | train:tokenize_stem:47 - 

 tokenize_stem :
2020-03-18 17:54:16.954 | INFO     | train:tokenize_stem:47 - 

 tokenize_stem :
2020-03-18 17:54:16.958 | INFO     | train:tokenize_stem:47 - 

 tokenize_stem :
2020-03-18 17:54:16.962 | INFO     | train:tokenize_stem:47 - 

 tokenize_stem :
2020-03-18 17:54:16.965 | INFO     | train:tokenize_stem:47 - 

 tokenize_stem :
2020-03-18 17:54:16.969 | INFO     | train:tokenize_stem:47 - 

 tokenize_stem :
2020-03-18 17:54:16.974 | INFO     | train:tokenize_stem:47 - 

 tokenize_stem :
2020-03-18 17:54:16.981 | INFO     | train:tokenize_stem:47 - 

 tokenize_stem :
2020-03-18 17:54:16.997 | DEBUG    | train:build_model:194 - features : (20, 24)
2020-03-18 17:54:17.130 | INFO     | train:build_model:235 - This solver needs samples of at least 2 classes in the data, but the data contains only one class: 0
2020-03-18 17:57:06.923 | INFO     | train:build_model:172 - 

 >>>>>>>>>>>>>>>>>>>> Move Group to Training In Progress <<<<<<<<<<<<<<<<<<<<<< 
2020-03-18 17:57:07.437 | INFO     | train:build_model:179 - 

 training_dataset - > Model Building 
2020-03-18 17:57:07.437 | DEBUG    | train:training_dataset:106 - 

 training_dataset : <function tokenize_stem at 0x000001DF6B295840>
2020-03-18 17:57:07.441 | INFO     | train:training_dataset:114 - 
 Loading the dataset...

2020-03-18 17:57:07.442 | INFO     | train:training_dataset:115 - 
 templates : 
2020-03-18 17:57:07.449 | INFO     | train:build_model:181 - 
 Feature Extraction...

2020-03-18 17:57:07.450 | INFO     | train:build_model:182 -  DATASET LENGTH : 40
2020-03-18 17:57:07.450 | INFO     | train:tokenize_stem:47 - 

 tokenize_stem :
2020-03-18 17:57:07.451 | INFO     | train:tokenize_stem:47 - 

 tokenize_stem :
2020-03-18 17:57:07.451 | INFO     | train:tokenize_stem:47 - 

 tokenize_stem :
2020-03-18 17:57:07.452 | INFO     | train:tokenize_stem:47 - 

 tokenize_stem :
2020-03-18 17:57:07.452 | INFO     | train:tokenize_stem:47 - 

 tokenize_stem :
2020-03-18 17:57:07.453 | INFO     | train:tokenize_stem:47 - 

 tokenize_stem :
2020-03-18 17:57:07.453 | INFO     | train:tokenize_stem:47 - 

 tokenize_stem :
2020-03-18 17:57:07.454 | INFO     | train:tokenize_stem:47 - 

 tokenize_stem :
2020-03-18 17:57:07.454 | INFO     | train:tokenize_stem:47 - 

 tokenize_stem :
2020-03-18 17:57:07.455 | INFO     | train:tokenize_stem:47 - 

 tokenize_stem :
2020-03-18 17:57:07.455 | INFO     | train:tokenize_stem:47 - 

 tokenize_stem :
2020-03-18 17:57:07.456 | INFO     | train:tokenize_stem:47 - 

 tokenize_stem :
2020-03-18 17:57:07.457 | INFO     | train:tokenize_stem:47 - 

 tokenize_stem :
2020-03-18 17:57:07.457 | INFO     | train:tokenize_stem:47 - 

 tokenize_stem :
2020-03-18 17:57:07.458 | INFO     | train:tokenize_stem:47 - 

 tokenize_stem :
2020-03-18 17:57:07.459 | INFO     | train:tokenize_stem:47 - 

 tokenize_stem :
2020-03-18 17:57:07.459 | INFO     | train:tokenize_stem:47 - 

 tokenize_stem :
2020-03-18 17:57:07.460 | INFO     | train:tokenize_stem:47 - 

 tokenize_stem :
2020-03-18 17:57:07.460 | INFO     | train:tokenize_stem:47 - 

 tokenize_stem :
2020-03-18 17:57:07.461 | INFO     | train:tokenize_stem:47 - 

 tokenize_stem :
2020-03-18 17:57:07.461 | INFO     | train:tokenize_stem:47 - 

 tokenize_stem :
2020-03-18 17:57:07.462 | INFO     | train:tokenize_stem:47 - 

 tokenize_stem :
2020-03-18 17:57:07.462 | INFO     | train:tokenize_stem:47 - 

 tokenize_stem :
2020-03-18 17:57:07.463 | INFO     | train:tokenize_stem:47 - 

 tokenize_stem :
2020-03-18 17:57:07.464 | INFO     | train:tokenize_stem:47 - 

 tokenize_stem :
2020-03-18 17:57:07.465 | INFO     | train:tokenize_stem:47 - 

 tokenize_stem :
2020-03-18 17:57:07.466 | INFO     | train:tokenize_stem:47 - 

 tokenize_stem :
2020-03-18 17:57:07.466 | INFO     | train:tokenize_stem:47 - 

 tokenize_stem :
2020-03-18 17:57:07.467 | INFO     | train:tokenize_stem:47 - 

 tokenize_stem :
2020-03-18 17:57:07.468 | INFO     | train:tokenize_stem:47 - 

 tokenize_stem :
2020-03-18 17:57:07.468 | INFO     | train:tokenize_stem:47 - 

 tokenize_stem :
2020-03-18 17:57:07.469 | INFO     | train:tokenize_stem:47 - 

 tokenize_stem :
2020-03-18 17:57:07.469 | INFO     | train:tokenize_stem:47 - 

 tokenize_stem :
2020-03-18 17:57:07.470 | INFO     | train:tokenize_stem:47 - 

 tokenize_stem :
2020-03-18 17:57:07.470 | INFO     | train:tokenize_stem:47 - 

 tokenize_stem :
2020-03-18 17:57:07.471 | INFO     | train:tokenize_stem:47 - 

 tokenize_stem :
2020-03-18 17:57:07.471 | INFO     | train:tokenize_stem:47 - 

 tokenize_stem :
2020-03-18 17:57:07.472 | INFO     | train:tokenize_stem:47 - 

 tokenize_stem :
2020-03-18 17:57:07.472 | INFO     | train:tokenize_stem:47 - 

 tokenize_stem :
2020-03-18 17:57:07.473 | INFO     | train:tokenize_stem:47 - 

 tokenize_stem :
2020-03-18 17:57:07.473 | INFO     | train:tokenize_stem:47 - 

 tokenize_stem :
2020-03-18 17:57:07.473 | INFO     | train:tokenize_stem:47 - 

 tokenize_stem :
2020-03-18 17:57:07.474 | INFO     | train:tokenize_stem:47 - 

 tokenize_stem :
2020-03-18 17:57:07.474 | INFO     | train:tokenize_stem:47 - 

 tokenize_stem :
2020-03-18 17:57:07.475 | INFO     | train:tokenize_stem:47 - 

 tokenize_stem :
2020-03-18 17:57:07.475 | INFO     | train:tokenize_stem:47 - 

 tokenize_stem :
2020-03-18 17:57:07.475 | INFO     | train:tokenize_stem:47 - 

 tokenize_stem :
2020-03-18 17:57:07.476 | INFO     | train:tokenize_stem:47 - 

 tokenize_stem :
2020-03-18 17:57:07.476 | INFO     | train:tokenize_stem:47 - 

 tokenize_stem :
2020-03-18 17:57:07.477 | INFO     | train:tokenize_stem:47 - 

 tokenize_stem :
2020-03-18 17:57:07.477 | INFO     | train:tokenize_stem:47 - 

 tokenize_stem :
2020-03-18 17:57:07.477 | INFO     | train:tokenize_stem:47 - 

 tokenize_stem :
2020-03-18 17:57:07.478 | INFO     | train:tokenize_stem:47 - 

 tokenize_stem :
2020-03-18 17:57:07.478 | INFO     | train:tokenize_stem:47 - 

 tokenize_stem :
2020-03-18 17:57:07.479 | INFO     | train:tokenize_stem:47 - 

 tokenize_stem :
2020-03-18 17:57:07.479 | INFO     | train:tokenize_stem:47 - 

 tokenize_stem :
2020-03-18 17:57:07.479 | INFO     | train:tokenize_stem:47 - 

 tokenize_stem :
2020-03-18 17:57:07.480 | INFO     | train:tokenize_stem:47 - 

 tokenize_stem :
2020-03-18 17:57:07.480 | INFO     | train:tokenize_stem:47 - 

 tokenize_stem :
2020-03-18 17:57:07.480 | INFO     | train:tokenize_stem:47 - 

 tokenize_stem :
2020-03-18 17:57:07.481 | INFO     | train:tokenize_stem:47 - 

 tokenize_stem :
2020-03-18 17:57:07.481 | INFO     | train:tokenize_stem:47 - 

 tokenize_stem :
2020-03-18 17:57:07.481 | INFO     | train:tokenize_stem:47 - 

 tokenize_stem :
2020-03-18 17:57:07.482 | INFO     | train:tokenize_stem:47 - 

 tokenize_stem :
2020-03-18 17:57:07.482 | INFO     | train:tokenize_stem:47 - 

 tokenize_stem :
2020-03-18 17:57:07.482 | INFO     | train:tokenize_stem:47 - 

 tokenize_stem :
2020-03-18 17:57:07.483 | INFO     | train:tokenize_stem:47 - 

 tokenize_stem :
2020-03-18 17:57:07.483 | INFO     | train:tokenize_stem:47 - 

 tokenize_stem :
2020-03-18 17:57:07.484 | INFO     | train:tokenize_stem:47 - 

 tokenize_stem :
2020-03-18 17:57:07.484 | INFO     | train:tokenize_stem:47 - 

 tokenize_stem :
2020-03-18 17:57:07.485 | INFO     | train:tokenize_stem:47 - 

 tokenize_stem :
2020-03-18 17:57:07.485 | INFO     | train:tokenize_stem:47 - 

 tokenize_stem :
2020-03-18 17:57:07.485 | INFO     | train:tokenize_stem:47 - 

 tokenize_stem :
2020-03-18 17:57:07.486 | INFO     | train:tokenize_stem:47 - 

 tokenize_stem :
2020-03-18 17:57:07.488 | INFO     | train:tokenize_stem:47 - 

 tokenize_stem :
2020-03-18 17:57:07.489 | INFO     | train:tokenize_stem:47 - 

 tokenize_stem :
2020-03-18 17:57:07.490 | INFO     | train:tokenize_stem:47 - 

 tokenize_stem :
2020-03-18 17:57:07.491 | INFO     | train:tokenize_stem:47 - 

 tokenize_stem :
2020-03-18 17:57:07.491 | INFO     | train:tokenize_stem:47 - 

 tokenize_stem :
2020-03-18 17:57:07.492 | INFO     | train:tokenize_stem:47 - 

 tokenize_stem :
2020-03-18 17:57:07.492 | INFO     | train:tokenize_stem:47 - 

 tokenize_stem :
2020-03-18 17:57:07.493 | INFO     | train:tokenize_stem:47 - 

 tokenize_stem :
2020-03-18 17:57:07.493 | INFO     | train:tokenize_stem:47 - 

 tokenize_stem :
2020-03-18 17:57:07.494 | INFO     | train:tokenize_stem:47 - 

 tokenize_stem :
2020-03-18 17:57:07.494 | INFO     | train:tokenize_stem:47 - 

 tokenize_stem :
2020-03-18 17:57:07.495 | INFO     | train:tokenize_stem:47 - 

 tokenize_stem :
2020-03-18 17:57:07.495 | INFO     | train:tokenize_stem:47 - 

 tokenize_stem :
2020-03-18 17:57:07.496 | INFO     | train:tokenize_stem:47 - 

 tokenize_stem :
2020-03-18 17:57:07.496 | INFO     | train:tokenize_stem:47 - 

 tokenize_stem :
2020-03-18 17:57:07.497 | INFO     | train:tokenize_stem:47 - 

 tokenize_stem :
2020-03-18 17:57:07.497 | INFO     | train:tokenize_stem:47 - 

 tokenize_stem :
2020-03-18 17:57:07.498 | INFO     | train:tokenize_stem:47 - 

 tokenize_stem :
2020-03-18 17:57:07.498 | INFO     | train:tokenize_stem:47 - 

 tokenize_stem :
2020-03-18 17:57:07.499 | INFO     | train:tokenize_stem:47 - 

 tokenize_stem :
2020-03-18 17:57:07.499 | INFO     | train:tokenize_stem:47 - 

 tokenize_stem :
2020-03-18 17:57:07.500 | INFO     | train:tokenize_stem:47 - 

 tokenize_stem :
2020-03-18 17:57:07.500 | INFO     | train:tokenize_stem:47 - 

 tokenize_stem :
2020-03-18 17:57:07.501 | INFO     | train:tokenize_stem:47 - 

 tokenize_stem :
2020-03-18 17:57:07.501 | INFO     | train:tokenize_stem:47 - 

 tokenize_stem :
2020-03-18 17:57:07.502 | INFO     | train:tokenize_stem:47 - 

 tokenize_stem :
2020-03-18 17:57:07.502 | INFO     | train:tokenize_stem:47 - 

 tokenize_stem :
2020-03-18 17:57:07.503 | INFO     | train:tokenize_stem:47 - 

 tokenize_stem :
2020-03-18 17:57:07.503 | INFO     | train:tokenize_stem:47 - 

 tokenize_stem :
2020-03-18 17:57:07.504 | INFO     | train:tokenize_stem:47 - 

 tokenize_stem :
2020-03-18 17:57:07.504 | INFO     | train:tokenize_stem:47 - 

 tokenize_stem :
2020-03-18 17:57:07.505 | INFO     | train:tokenize_stem:47 - 

 tokenize_stem :
2020-03-18 17:57:07.505 | INFO     | train:tokenize_stem:47 - 

 tokenize_stem :
2020-03-18 17:57:07.505 | INFO     | train:tokenize_stem:47 - 

 tokenize_stem :
2020-03-18 17:57:07.506 | INFO     | train:tokenize_stem:47 - 

 tokenize_stem :
2020-03-18 17:57:07.506 | INFO     | train:tokenize_stem:47 - 

 tokenize_stem :
2020-03-18 17:57:07.507 | INFO     | train:tokenize_stem:47 - 

 tokenize_stem :
2020-03-18 17:57:07.507 | INFO     | train:tokenize_stem:47 - 

 tokenize_stem :
2020-03-18 17:57:07.507 | INFO     | train:tokenize_stem:47 - 

 tokenize_stem :
2020-03-18 17:57:07.508 | INFO     | train:tokenize_stem:47 - 

 tokenize_stem :
2020-03-18 17:57:07.508 | INFO     | train:tokenize_stem:47 - 

 tokenize_stem :
2020-03-18 17:57:07.510 | INFO     | train:tokenize_stem:47 - 

 tokenize_stem :
2020-03-18 17:57:07.511 | INFO     | train:tokenize_stem:47 - 

 tokenize_stem :
2020-03-18 17:57:07.511 | INFO     | train:tokenize_stem:47 - 

 tokenize_stem :
2020-03-18 17:57:07.512 | INFO     | train:tokenize_stem:47 - 

 tokenize_stem :
2020-03-18 17:57:07.512 | INFO     | train:tokenize_stem:47 - 

 tokenize_stem :
2020-03-18 17:57:07.513 | INFO     | train:tokenize_stem:47 - 

 tokenize_stem :
2020-03-18 17:57:07.513 | INFO     | train:tokenize_stem:47 - 

 tokenize_stem :
2020-03-18 17:57:07.513 | INFO     | train:tokenize_stem:47 - 

 tokenize_stem :
2020-03-18 17:57:07.514 | INFO     | train:tokenize_stem:47 - 

 tokenize_stem :
2020-03-18 17:57:07.514 | INFO     | train:tokenize_stem:47 - 

 tokenize_stem :
2020-03-18 17:57:07.514 | INFO     | train:tokenize_stem:47 - 

 tokenize_stem :
2020-03-18 17:57:07.515 | INFO     | train:tokenize_stem:47 - 

 tokenize_stem :
2020-03-18 17:57:07.515 | INFO     | train:tokenize_stem:47 - 

 tokenize_stem :
2020-03-18 17:57:07.516 | INFO     | train:tokenize_stem:47 - 

 tokenize_stem :
2020-03-18 17:57:07.516 | INFO     | train:tokenize_stem:47 - 

 tokenize_stem :
2020-03-18 17:57:07.516 | INFO     | train:tokenize_stem:47 - 

 tokenize_stem :
2020-03-18 17:57:07.517 | INFO     | train:tokenize_stem:47 - 

 tokenize_stem :
2020-03-18 17:57:07.519 | INFO     | train:tokenize_stem:47 - 

 tokenize_stem :
2020-03-18 17:57:07.519 | INFO     | train:tokenize_stem:47 - 

 tokenize_stem :
2020-03-18 17:57:07.522 | INFO     | train:tokenize_stem:47 - 

 tokenize_stem :
2020-03-18 17:57:07.524 | INFO     | train:tokenize_stem:47 - 

 tokenize_stem :
2020-03-18 17:57:07.524 | INFO     | train:tokenize_stem:47 - 

 tokenize_stem :
2020-03-18 17:57:07.525 | INFO     | train:tokenize_stem:47 - 

 tokenize_stem :
2020-03-18 17:57:07.525 | INFO     | train:tokenize_stem:47 - 

 tokenize_stem :
2020-03-18 17:57:07.526 | INFO     | train:tokenize_stem:47 - 

 tokenize_stem :
2020-03-18 17:57:07.526 | INFO     | train:tokenize_stem:47 - 

 tokenize_stem :
2020-03-18 17:57:07.527 | INFO     | train:tokenize_stem:47 - 

 tokenize_stem :
2020-03-18 17:57:07.527 | INFO     | train:tokenize_stem:47 - 

 tokenize_stem :
2020-03-18 17:57:07.527 | INFO     | train:tokenize_stem:47 - 

 tokenize_stem :
2020-03-18 17:57:07.528 | INFO     | train:tokenize_stem:47 - 

 tokenize_stem :
2020-03-18 17:57:07.528 | INFO     | train:tokenize_stem:47 - 

 tokenize_stem :
2020-03-18 17:57:07.528 | INFO     | train:tokenize_stem:47 - 

 tokenize_stem :
2020-03-18 17:57:07.529 | INFO     | train:tokenize_stem:47 - 

 tokenize_stem :
2020-03-18 17:57:07.529 | INFO     | train:tokenize_stem:47 - 

 tokenize_stem :
2020-03-18 17:57:07.529 | INFO     | train:tokenize_stem:47 - 

 tokenize_stem :
2020-03-18 17:57:07.530 | INFO     | train:tokenize_stem:47 - 

 tokenize_stem :
2020-03-18 17:57:07.531 | INFO     | train:tokenize_stem:47 - 

 tokenize_stem :
2020-03-18 17:57:07.531 | INFO     | train:tokenize_stem:47 - 

 tokenize_stem :
2020-03-18 17:57:07.532 | INFO     | train:tokenize_stem:47 - 

 tokenize_stem :
2020-03-18 17:57:07.532 | INFO     | train:tokenize_stem:47 - 

 tokenize_stem :
2020-03-18 17:57:07.533 | INFO     | train:tokenize_stem:47 - 

 tokenize_stem :
2020-03-18 17:57:07.537 | INFO     | train:tokenize_stem:47 - 

 tokenize_stem :
2020-03-18 17:57:07.537 | INFO     | train:tokenize_stem:47 - 

 tokenize_stem :
2020-03-18 17:57:07.538 | INFO     | train:tokenize_stem:47 - 

 tokenize_stem :
2020-03-18 17:57:07.539 | INFO     | train:tokenize_stem:47 - 

 tokenize_stem :
2020-03-18 17:57:07.539 | INFO     | train:tokenize_stem:47 - 

 tokenize_stem :
2020-03-18 17:57:07.540 | INFO     | train:tokenize_stem:47 - 

 tokenize_stem :
2020-03-18 17:57:07.541 | INFO     | train:tokenize_stem:47 - 

 tokenize_stem :
2020-03-18 17:57:07.541 | INFO     | train:tokenize_stem:47 - 

 tokenize_stem :
2020-03-18 17:57:07.542 | INFO     | train:tokenize_stem:47 - 

 tokenize_stem :
2020-03-18 17:57:07.543 | INFO     | train:tokenize_stem:47 - 

 tokenize_stem :
2020-03-18 17:57:07.544 | INFO     | train:tokenize_stem:47 - 

 tokenize_stem :
2020-03-18 17:57:07.544 | INFO     | train:tokenize_stem:47 - 

 tokenize_stem :
2020-03-18 17:57:07.545 | INFO     | train:tokenize_stem:47 - 

 tokenize_stem :
2020-03-18 17:57:07.546 | INFO     | train:tokenize_stem:47 - 

 tokenize_stem :
2020-03-18 17:57:07.547 | INFO     | train:tokenize_stem:47 - 

 tokenize_stem :
2020-03-18 17:57:07.548 | INFO     | train:tokenize_stem:47 - 

 tokenize_stem :
2020-03-18 17:57:07.548 | INFO     | train:tokenize_stem:47 - 

 tokenize_stem :
2020-03-18 17:57:07.549 | INFO     | train:tokenize_stem:47 - 

 tokenize_stem :
2020-03-18 17:57:07.550 | INFO     | train:tokenize_stem:47 - 

 tokenize_stem :
2020-03-18 17:57:07.550 | INFO     | train:tokenize_stem:47 - 

 tokenize_stem :
2020-03-18 17:57:07.551 | INFO     | train:tokenize_stem:47 - 

 tokenize_stem :
2020-03-18 17:57:07.551 | INFO     | train:tokenize_stem:47 - 

 tokenize_stem :
2020-03-18 17:57:07.552 | INFO     | train:tokenize_stem:47 - 

 tokenize_stem :
2020-03-18 17:57:07.553 | INFO     | train:tokenize_stem:47 - 

 tokenize_stem :
2020-03-18 17:57:07.553 | INFO     | train:tokenize_stem:47 - 

 tokenize_stem :
2020-03-18 17:57:07.554 | INFO     | train:tokenize_stem:47 - 

 tokenize_stem :
2020-03-18 17:57:07.554 | INFO     | train:tokenize_stem:47 - 

 tokenize_stem :
2020-03-18 17:57:07.554 | INFO     | train:tokenize_stem:47 - 

 tokenize_stem :
2020-03-18 17:57:07.555 | INFO     | train:tokenize_stem:47 - 

 tokenize_stem :
2020-03-18 17:57:07.556 | INFO     | train:tokenize_stem:47 - 

 tokenize_stem :
2020-03-18 17:57:07.559 | INFO     | train:tokenize_stem:47 - 

 tokenize_stem :
2020-03-18 17:57:07.562 | INFO     | train:tokenize_stem:47 - 

 tokenize_stem :
2020-03-18 17:57:07.562 | INFO     | train:tokenize_stem:47 - 

 tokenize_stem :
2020-03-18 17:57:07.563 | INFO     | train:tokenize_stem:47 - 

 tokenize_stem :
2020-03-18 17:57:07.563 | INFO     | train:tokenize_stem:47 - 

 tokenize_stem :
2020-03-18 17:57:07.563 | INFO     | train:tokenize_stem:47 - 

 tokenize_stem :
2020-03-18 17:57:07.564 | INFO     | train:tokenize_stem:47 - 

 tokenize_stem :
2020-03-18 17:57:07.564 | INFO     | train:tokenize_stem:47 - 

 tokenize_stem :
2020-03-18 17:57:07.565 | INFO     | train:tokenize_stem:47 - 

 tokenize_stem :
2020-03-18 17:57:07.565 | INFO     | train:tokenize_stem:47 - 

 tokenize_stem :
2020-03-18 17:57:07.565 | INFO     | train:tokenize_stem:47 - 

 tokenize_stem :
2020-03-18 17:57:07.566 | INFO     | train:tokenize_stem:47 - 

 tokenize_stem :
2020-03-18 17:57:07.566 | INFO     | train:tokenize_stem:47 - 

 tokenize_stem :
2020-03-18 17:57:07.567 | INFO     | train:tokenize_stem:47 - 

 tokenize_stem :
2020-03-18 17:57:07.567 | INFO     | train:tokenize_stem:47 - 

 tokenize_stem :
2020-03-18 17:57:07.568 | INFO     | train:tokenize_stem:47 - 

 tokenize_stem :
2020-03-18 17:57:07.568 | INFO     | train:tokenize_stem:47 - 

 tokenize_stem :
2020-03-18 17:57:07.569 | INFO     | train:tokenize_stem:47 - 

 tokenize_stem :
2020-03-18 17:57:07.569 | INFO     | train:tokenize_stem:47 - 

 tokenize_stem :
2020-03-18 17:57:07.569 | INFO     | train:tokenize_stem:47 - 

 tokenize_stem :
2020-03-18 17:57:07.570 | INFO     | train:tokenize_stem:47 - 

 tokenize_stem :
2020-03-18 17:57:07.570 | INFO     | train:tokenize_stem:47 - 

 tokenize_stem :
2020-03-18 17:57:07.573 | INFO     | train:tokenize_stem:47 - 

 tokenize_stem :
2020-03-18 17:57:07.576 | INFO     | train:tokenize_stem:47 - 

 tokenize_stem :
2020-03-18 17:57:07.576 | INFO     | train:tokenize_stem:47 - 

 tokenize_stem :
2020-03-18 17:57:07.577 | INFO     | train:tokenize_stem:47 - 

 tokenize_stem :
2020-03-18 17:57:07.577 | INFO     | train:tokenize_stem:47 - 

 tokenize_stem :
2020-03-18 17:57:07.578 | INFO     | train:tokenize_stem:47 - 

 tokenize_stem :
2020-03-18 17:57:07.578 | INFO     | train:tokenize_stem:47 - 

 tokenize_stem :
2020-03-18 17:57:07.579 | INFO     | train:tokenize_stem:47 - 

 tokenize_stem :
2020-03-18 17:57:07.579 | INFO     | train:tokenize_stem:47 - 

 tokenize_stem :
2020-03-18 17:57:07.579 | INFO     | train:tokenize_stem:47 - 

 tokenize_stem :
2020-03-18 17:57:07.580 | INFO     | train:tokenize_stem:47 - 

 tokenize_stem :
2020-03-18 17:57:07.580 | INFO     | train:tokenize_stem:47 - 

 tokenize_stem :
2020-03-18 17:57:07.581 | INFO     | train:tokenize_stem:47 - 

 tokenize_stem :
2020-03-18 17:57:07.581 | INFO     | train:tokenize_stem:47 - 

 tokenize_stem :
2020-03-18 17:57:07.582 | INFO     | train:tokenize_stem:47 - 

 tokenize_stem :
2020-03-18 17:57:07.582 | INFO     | train:tokenize_stem:47 - 

 tokenize_stem :
2020-03-18 17:57:07.583 | INFO     | train:tokenize_stem:47 - 

 tokenize_stem :
2020-03-18 17:57:07.583 | INFO     | train:tokenize_stem:47 - 

 tokenize_stem :
2020-03-18 17:57:07.584 | INFO     | train:tokenize_stem:47 - 

 tokenize_stem :
2020-03-18 17:57:07.584 | INFO     | train:tokenize_stem:47 - 

 tokenize_stem :
2020-03-18 17:57:07.585 | INFO     | train:tokenize_stem:47 - 

 tokenize_stem :
2020-03-18 17:57:07.585 | INFO     | train:tokenize_stem:47 - 

 tokenize_stem :
2020-03-18 17:57:07.586 | INFO     | train:tokenize_stem:47 - 

 tokenize_stem :
2020-03-18 17:57:07.587 | INFO     | train:tokenize_stem:47 - 

 tokenize_stem :
2020-03-18 17:57:07.587 | INFO     | train:tokenize_stem:47 - 

 tokenize_stem :
2020-03-18 17:57:07.588 | INFO     | train:tokenize_stem:47 - 

 tokenize_stem :
2020-03-18 17:57:07.588 | INFO     | train:tokenize_stem:47 - 

 tokenize_stem :
2020-03-18 17:57:07.589 | INFO     | train:tokenize_stem:47 - 

 tokenize_stem :
2020-03-18 17:57:07.589 | INFO     | train:tokenize_stem:47 - 

 tokenize_stem :
2020-03-18 17:57:07.590 | INFO     | train:tokenize_stem:47 - 

 tokenize_stem :
2020-03-18 17:57:07.590 | INFO     | train:tokenize_stem:47 - 

 tokenize_stem :
2020-03-18 17:57:07.591 | INFO     | train:tokenize_stem:47 - 

 tokenize_stem :
2020-03-18 17:57:07.591 | INFO     | train:tokenize_stem:47 - 

 tokenize_stem :
2020-03-18 17:57:07.592 | INFO     | train:tokenize_stem:47 - 

 tokenize_stem :
2020-03-18 17:57:07.592 | INFO     | train:tokenize_stem:47 - 

 tokenize_stem :
2020-03-18 17:57:07.593 | INFO     | train:tokenize_stem:47 - 

 tokenize_stem :
2020-03-18 17:57:07.593 | INFO     | train:tokenize_stem:47 - 

 tokenize_stem :
2020-03-18 17:57:07.594 | INFO     | train:tokenize_stem:47 - 

 tokenize_stem :
2020-03-18 17:57:07.594 | INFO     | train:tokenize_stem:47 - 

 tokenize_stem :
2020-03-18 17:57:07.595 | INFO     | train:tokenize_stem:47 - 

 tokenize_stem :
2020-03-18 17:57:07.595 | INFO     | train:tokenize_stem:47 - 

 tokenize_stem :
2020-03-18 17:57:07.595 | INFO     | train:tokenize_stem:47 - 

 tokenize_stem :
2020-03-18 17:57:07.596 | INFO     | train:tokenize_stem:47 - 

 tokenize_stem :
2020-03-18 17:57:07.596 | INFO     | train:tokenize_stem:47 - 

 tokenize_stem :
2020-03-18 17:57:07.597 | INFO     | train:tokenize_stem:47 - 

 tokenize_stem :
2020-03-18 17:57:07.597 | INFO     | train:tokenize_stem:47 - 

 tokenize_stem :
2020-03-18 17:57:07.598 | INFO     | train:tokenize_stem:47 - 

 tokenize_stem :
2020-03-18 17:57:07.598 | INFO     | train:tokenize_stem:47 - 

 tokenize_stem :
2020-03-18 17:57:07.599 | INFO     | train:tokenize_stem:47 - 

 tokenize_stem :
2020-03-18 17:57:07.599 | INFO     | train:tokenize_stem:47 - 

 tokenize_stem :
2020-03-18 17:57:07.599 | INFO     | train:tokenize_stem:47 - 

 tokenize_stem :
2020-03-18 17:57:07.600 | INFO     | train:tokenize_stem:47 - 

 tokenize_stem :
2020-03-18 17:57:07.600 | INFO     | train:tokenize_stem:47 - 

 tokenize_stem :
2020-03-18 17:57:07.601 | INFO     | train:tokenize_stem:47 - 

 tokenize_stem :
2020-03-18 17:57:07.601 | INFO     | train:tokenize_stem:47 - 

 tokenize_stem :
2020-03-18 17:57:07.602 | INFO     | train:tokenize_stem:47 - 

 tokenize_stem :
2020-03-18 17:57:07.602 | INFO     | train:tokenize_stem:47 - 

 tokenize_stem :
2020-03-18 17:57:07.603 | INFO     | train:tokenize_stem:47 - 

 tokenize_stem :
2020-03-18 17:57:07.603 | INFO     | train:tokenize_stem:47 - 

 tokenize_stem :
2020-03-18 17:57:07.603 | INFO     | train:tokenize_stem:47 - 

 tokenize_stem :
2020-03-18 17:57:07.604 | INFO     | train:tokenize_stem:47 - 

 tokenize_stem :
2020-03-18 17:57:07.604 | INFO     | train:tokenize_stem:47 - 

 tokenize_stem :
2020-03-18 17:57:07.604 | INFO     | train:tokenize_stem:47 - 

 tokenize_stem :
2020-03-18 17:57:07.605 | INFO     | train:tokenize_stem:47 - 

 tokenize_stem :
2020-03-18 17:57:07.605 | INFO     | train:tokenize_stem:47 - 

 tokenize_stem :
2020-03-18 17:57:07.606 | INFO     | train:tokenize_stem:47 - 

 tokenize_stem :
2020-03-18 17:57:07.606 | INFO     | train:tokenize_stem:47 - 

 tokenize_stem :
2020-03-18 17:57:07.606 | INFO     | train:tokenize_stem:47 - 

 tokenize_stem :
2020-03-18 17:57:07.607 | INFO     | train:tokenize_stem:47 - 

 tokenize_stem :
2020-03-18 17:57:07.607 | INFO     | train:tokenize_stem:47 - 

 tokenize_stem :
2020-03-18 17:57:07.608 | INFO     | train:tokenize_stem:47 - 

 tokenize_stem :
2020-03-18 17:57:07.608 | INFO     | train:tokenize_stem:47 - 

 tokenize_stem :
2020-03-18 17:57:07.609 | INFO     | train:tokenize_stem:47 - 

 tokenize_stem :
2020-03-18 17:57:07.609 | INFO     | train:tokenize_stem:47 - 

 tokenize_stem :
2020-03-18 17:57:07.610 | INFO     | train:tokenize_stem:47 - 

 tokenize_stem :
2020-03-18 17:57:07.610 | INFO     | train:tokenize_stem:47 - 

 tokenize_stem :
2020-03-18 17:57:07.610 | INFO     | train:tokenize_stem:47 - 

 tokenize_stem :
2020-03-18 17:57:07.611 | INFO     | train:tokenize_stem:47 - 

 tokenize_stem :
2020-03-18 17:57:07.613 | INFO     | train:tokenize_stem:47 - 

 tokenize_stem :
2020-03-18 17:57:07.613 | INFO     | train:tokenize_stem:47 - 

 tokenize_stem :
2020-03-18 17:57:07.614 | INFO     | train:tokenize_stem:47 - 

 tokenize_stem :
2020-03-18 17:57:07.614 | INFO     | train:tokenize_stem:47 - 

 tokenize_stem :
2020-03-18 17:57:07.615 | INFO     | train:tokenize_stem:47 - 

 tokenize_stem :
2020-03-18 17:57:07.615 | INFO     | train:tokenize_stem:47 - 

 tokenize_stem :
2020-03-18 17:57:07.615 | INFO     | train:tokenize_stem:47 - 

 tokenize_stem :
2020-03-18 17:57:07.616 | INFO     | train:tokenize_stem:47 - 

 tokenize_stem :
2020-03-18 17:57:07.616 | INFO     | train:tokenize_stem:47 - 

 tokenize_stem :
2020-03-18 17:57:07.617 | INFO     | train:tokenize_stem:47 - 

 tokenize_stem :
2020-03-18 17:57:07.617 | INFO     | train:tokenize_stem:47 - 

 tokenize_stem :
2020-03-18 17:57:07.618 | INFO     | train:tokenize_stem:47 - 

 tokenize_stem :
2020-03-18 17:57:07.619 | INFO     | train:tokenize_stem:47 - 

 tokenize_stem :
2020-03-18 17:57:07.619 | INFO     | train:tokenize_stem:47 - 

 tokenize_stem :
2020-03-18 17:57:07.620 | INFO     | train:tokenize_stem:47 - 

 tokenize_stem :
2020-03-18 17:57:07.620 | INFO     | train:tokenize_stem:47 - 

 tokenize_stem :
2020-03-18 17:57:07.621 | INFO     | train:tokenize_stem:47 - 

 tokenize_stem :
2020-03-18 17:57:07.622 | INFO     | train:tokenize_stem:47 - 

 tokenize_stem :
2020-03-18 17:57:07.622 | INFO     | train:tokenize_stem:47 - 

 tokenize_stem :
2020-03-18 17:57:07.623 | INFO     | train:tokenize_stem:47 - 

 tokenize_stem :
2020-03-18 17:57:07.623 | INFO     | train:tokenize_stem:47 - 

 tokenize_stem :
2020-03-18 17:57:07.624 | INFO     | train:tokenize_stem:47 - 

 tokenize_stem :
2020-03-18 17:57:07.624 | INFO     | train:tokenize_stem:47 - 

 tokenize_stem :
2020-03-18 17:57:07.625 | INFO     | train:tokenize_stem:47 - 

 tokenize_stem :
2020-03-18 17:57:07.626 | INFO     | train:tokenize_stem:47 - 

 tokenize_stem :
2020-03-18 17:57:07.626 | INFO     | train:tokenize_stem:47 - 

 tokenize_stem :
2020-03-18 17:57:07.627 | INFO     | train:tokenize_stem:47 - 

 tokenize_stem :
2020-03-18 17:57:07.627 | INFO     | train:tokenize_stem:47 - 

 tokenize_stem :
2020-03-18 17:57:07.628 | INFO     | train:tokenize_stem:47 - 

 tokenize_stem :
2020-03-18 17:57:07.628 | INFO     | train:tokenize_stem:47 - 

 tokenize_stem :
2020-03-18 17:57:07.628 | INFO     | train:tokenize_stem:47 - 

 tokenize_stem :
2020-03-18 17:57:07.629 | INFO     | train:tokenize_stem:47 - 

 tokenize_stem :
2020-03-18 17:57:07.629 | INFO     | train:tokenize_stem:47 - 

 tokenize_stem :
2020-03-18 17:57:07.638 | INFO     | train:tokenize_stem:47 - 

 tokenize_stem :
2020-03-18 17:57:07.647 | INFO     | train:tokenize_stem:47 - 

 tokenize_stem :
2020-03-18 17:57:07.655 | INFO     | train:tokenize_stem:47 - 

 tokenize_stem :
2020-03-18 17:57:07.664 | INFO     | train:tokenize_stem:47 - 

 tokenize_stem :
2020-03-18 17:57:07.673 | INFO     | train:tokenize_stem:47 - 

 tokenize_stem :
2020-03-18 17:57:07.682 | INFO     | train:tokenize_stem:47 - 

 tokenize_stem :
2020-03-18 17:57:07.695 | INFO     | train:tokenize_stem:47 - 

 tokenize_stem :
2020-03-18 17:57:07.703 | INFO     | train:tokenize_stem:47 - 

 tokenize_stem :
2020-03-18 17:57:07.714 | INFO     | train:tokenize_stem:47 - 

 tokenize_stem :
2020-03-18 17:57:07.723 | INFO     | train:tokenize_stem:47 - 

 tokenize_stem :
2020-03-18 17:57:07.740 | INFO     | train:tokenize_stem:47 - 

 tokenize_stem :
2020-03-18 17:57:07.750 | INFO     | train:tokenize_stem:47 - 

 tokenize_stem :
2020-03-18 17:57:07.759 | INFO     | train:tokenize_stem:47 - 

 tokenize_stem :
2020-03-18 17:57:07.770 | INFO     | train:tokenize_stem:47 - 

 tokenize_stem :
2020-03-18 17:57:07.779 | INFO     | train:tokenize_stem:47 - 

 tokenize_stem :
2020-03-18 17:57:07.787 | INFO     | train:tokenize_stem:47 - 

 tokenize_stem :
2020-03-18 17:57:07.797 | INFO     | train:tokenize_stem:47 - 

 tokenize_stem :
2020-03-18 17:57:07.806 | INFO     | train:tokenize_stem:47 - 

 tokenize_stem :
2020-03-18 17:57:07.815 | INFO     | train:tokenize_stem:47 - 

 tokenize_stem :
2020-03-18 17:57:07.825 | INFO     | train:tokenize_stem:47 - 

 tokenize_stem :
2020-03-18 17:57:07.827 | INFO     | train:tokenize_stem:47 - 

 tokenize_stem :
2020-03-18 17:57:07.829 | INFO     | train:tokenize_stem:47 - 

 tokenize_stem :
2020-03-18 17:57:07.831 | INFO     | train:tokenize_stem:47 - 

 tokenize_stem :
2020-03-18 17:57:07.833 | INFO     | train:tokenize_stem:47 - 

 tokenize_stem :
2020-03-18 17:57:07.838 | INFO     | train:tokenize_stem:47 - 

 tokenize_stem :
2020-03-18 17:57:07.840 | INFO     | train:tokenize_stem:47 - 

 tokenize_stem :
2020-03-18 17:57:07.843 | INFO     | train:tokenize_stem:47 - 

 tokenize_stem :
2020-03-18 17:57:07.847 | INFO     | train:tokenize_stem:47 - 

 tokenize_stem :
2020-03-18 17:57:07.848 | INFO     | train:tokenize_stem:47 - 

 tokenize_stem :
2020-03-18 17:57:07.850 | INFO     | train:tokenize_stem:47 - 

 tokenize_stem :
2020-03-18 17:57:07.851 | INFO     | train:tokenize_stem:47 - 

 tokenize_stem :
2020-03-18 17:57:07.853 | INFO     | train:tokenize_stem:47 - 

 tokenize_stem :
2020-03-18 17:57:07.855 | INFO     | train:tokenize_stem:47 - 

 tokenize_stem :
2020-03-18 17:57:07.857 | INFO     | train:tokenize_stem:47 - 

 tokenize_stem :
2020-03-18 17:57:07.859 | INFO     | train:tokenize_stem:47 - 

 tokenize_stem :
2020-03-18 17:57:07.861 | INFO     | train:tokenize_stem:47 - 

 tokenize_stem :
2020-03-18 17:57:07.862 | INFO     | train:tokenize_stem:47 - 

 tokenize_stem :
2020-03-18 17:57:07.864 | INFO     | train:tokenize_stem:47 - 

 tokenize_stem :
2020-03-18 17:57:07.866 | INFO     | train:tokenize_stem:47 - 

 tokenize_stem :
2020-03-18 17:57:07.878 | DEBUG    | train:build_model:194 - features : (40, 297)
2020-03-18 17:57:13.249 | DEBUG    | train:cross_validation:146 - 

 Accuracy mean: model_name
LogisticRegression        1.000
MultinomialNB             0.950
RandomForestClassifier    0.975
Name: accuracy, dtype: float64
2020-03-18 17:57:13.370 | DEBUG    | train:build_model:202 -  

 pickle_saved :model.pkl
2020-03-18 17:57:13.371 | DEBUG    | train:build_model:205 -  

 y_pred :[1 1 1 0 0 0 1 0 0 1 1 1 1 0] 
2020-03-18 17:57:13.376 | DEBUG    | train:pickle_save:156 - 

 Pickled dumped : C:\Users\gdnau\Giri\dfx\model
2020-03-18 17:57:13.379 | DEBUG    | train:pickle_save:156 - 

 Pickled dumped : C:\Users\gdnau\Giri\dfx\model
2020-03-18 17:57:13.384 | DEBUG    | train:build_model:209 - 

 conf_mat: [[6 0]
 [0 8]]
2020-03-18 17:57:13.384 | INFO     | train:build_model:210 -  Model location: model_path ->
